2019-04-30 20:21:38 -Starting SbadminApplicationTests on DESKTOP-PQO8CHD with PID 7372 (started by abc in E:\idea project\lablog)
2019-04-30 20:21:38 -The following profiles are active: dev
2019-04-30 20:21:42 -Skipping MapperFactoryBean with name 'dictDao' and 'cn.edu.ctbu.sbadmin.common.dao.DictDao' mapperInterface. Bean already defined with the same name!
2019-04-30 20:21:42 -Skipping MapperFactoryBean with name 'fileDao' and 'cn.edu.ctbu.sbadmin.common.dao.FileDao' mapperInterface. Bean already defined with the same name!
2019-04-30 20:21:42 -Skipping MapperFactoryBean with name 'logDao' and 'cn.edu.ctbu.sbadmin.common.dao.LogDao' mapperInterface. Bean already defined with the same name!
2019-04-30 20:21:42 -Skipping MapperFactoryBean with name 'taskDao' and 'cn.edu.ctbu.sbadmin.common.dao.TaskDao' mapperInterface. Bean already defined with the same name!
2019-04-30 20:21:42 -Skipping MapperFactoryBean with name 'configDao' and 'cn.edu.ctbu.sbadmin.system.dao.ConfigDao' mapperInterface. Bean already defined with the same name!
2019-04-30 20:21:42 -Skipping MapperFactoryBean with name 'deptDao' and 'cn.edu.ctbu.sbadmin.system.dao.DeptDao' mapperInterface. Bean already defined with the same name!
2019-04-30 20:21:42 -Skipping MapperFactoryBean with name 'menuDao' and 'cn.edu.ctbu.sbadmin.system.dao.MenuDao' mapperInterface. Bean already defined with the same name!
2019-04-30 20:21:42 -Skipping MapperFactoryBean with name 'roleDao' and 'cn.edu.ctbu.sbadmin.system.dao.RoleDao' mapperInterface. Bean already defined with the same name!
2019-04-30 20:21:42 -Skipping MapperFactoryBean with name 'roleMenuDao' and 'cn.edu.ctbu.sbadmin.system.dao.RoleMenuDao' mapperInterface. Bean already defined with the same name!
2019-04-30 20:21:42 -Skipping MapperFactoryBean with name 'sysLogDao' and 'cn.edu.ctbu.sbadmin.system.dao.SysLogDao' mapperInterface. Bean already defined with the same name!
2019-04-30 20:21:42 -Skipping MapperFactoryBean with name 'userDao' and 'cn.edu.ctbu.sbadmin.system.dao.UserDao' mapperInterface. Bean already defined with the same name!
2019-04-30 20:21:42 -Skipping MapperFactoryBean with name 'userRoleDao' and 'cn.edu.ctbu.sbadmin.system.dao.UserRoleDao' mapperInterface. Bean already defined with the same name!
2019-04-30 20:21:42 -No MyBatis mapper was found in '[cn.edu.ctbu.sbadmin.common.config, cn.edu.ctbu]' package. Please check your configuration.
2019-04-30 20:21:42 -Multiple Spring Data modules found, entering strict repository configuration mode!
2019-04-30 20:21:42 -Bootstrapping Spring Data repositories in DEFAULT mode.
2019-04-30 20:21:42 -Finished Spring Data repository scanning in 350ms. Found 0 repository interfaces.
2019-04-30 20:21:45 -Bean 'org.springframework.transaction.annotation.ProxyTransactionManagementConfiguration' of type [org.springframework.transaction.annotation.ProxyTransactionManagementConfiguration$$EnhancerBySpringCGLIB$$d999637] is not eligible for getting processed by all BeanPostProcessors (for example: not eligible for auto-proxying)
2019-04-30 20:21:45 -Bean 'shiroConfig' of type [cn.edu.ctbu.sbadmin.system.config.ShiroConfig$$EnhancerBySpringCGLIB$$26d84d45] is not eligible for getting processed by all BeanPostProcessors (for example: not eligible for auto-proxying)
2019-04-30 20:21:46 -Bean 'userRealm' of type [cn.edu.ctbu.sbadmin.system.shiro.UserRealm] is not eligible for getting processed by all BeanPostProcessors (for example: not eligible for auto-proxying)
2019-04-30 20:21:47 -Bean 'cacheManager2' of type [net.sf.ehcache.CacheManager] is not eligible for getting processed by all BeanPostProcessors (for example: not eligible for auto-proxying)
2019-04-30 20:21:47 -Bean 'ehCacheManager' of type [org.apache.shiro.cache.ehcache.EhCacheManager] is not eligible for getting processed by all BeanPostProcessors (for example: not eligible for auto-proxying)
2019-04-30 20:21:47 -Cache with name 'cn.edu.ctbu.sbadmin.system.shiro.UserRealm.authorizationCache' does not yet exist.  Creating now.
2019-04-30 20:21:47 -Added EhCache named [cn.edu.ctbu.sbadmin.system.shiro.UserRealm.authorizationCache]
2019-04-30 20:21:47 -Bean 'sessionDAO' of type [org.apache.shiro.session.mgt.eis.MemorySessionDAO] is not eligible for getting processed by all BeanPostProcessors (for example: not eligible for auto-proxying)
2019-04-30 20:21:47 -Bean 'sessionManager' of type [org.apache.shiro.web.session.mgt.DefaultWebSessionManager] is not eligible for getting processed by all BeanPostProcessors (for example: not eligible for auto-proxying)
2019-04-30 20:21:47 -Bean 'securityManager' of type [org.apache.shiro.web.mgt.DefaultWebSecurityManager] is not eligible for getting processed by all BeanPostProcessors (for example: not eligible for auto-proxying)
2019-04-30 20:21:47 -Bean 'authorizationAttributeSourceAdvisor' of type [org.apache.shiro.spring.security.interceptor.AuthorizationAttributeSourceAdvisor] is not eligible for getting processed by all BeanPostProcessors (for example: not eligible for auto-proxying)
2019-04-30 20:21:49 -{dataSource-1} inited
2019-04-30 20:21:51 -ApplicationContext registed-->org.springframework.web.context.support.GenericWebApplicationContext@291a7e3c, started on Tue Apr 30 20:21:38 CST 2019
2019-04-30 20:21:52 -Using default implementation for ThreadExecutor
2019-04-30 20:21:52 -Initialized Scheduler Signaller of type: class org.quartz.core.SchedulerSignalerImpl
2019-04-30 20:21:52 -Quartz Scheduler v.2.2.1 created.
2019-04-30 20:21:52 -RAMJobStore initialized.
2019-04-30 20:21:52 -Scheduler meta-data: Quartz Scheduler (v2.2.1) 'schedulerFactoryBean' with instanceId 'NON_CLUSTERED'
  Scheduler class: 'org.quartz.core.QuartzScheduler' - running locally.
  NOT STARTED.
  Currently in standby mode.
  Number of jobs executed: 0
  Using thread pool 'org.quartz.simpl.SimpleThreadPool' - with 10 threads.
  Using job-store 'org.quartz.simpl.RAMJobStore' - which does not support persistence. and is not clustered.

2019-04-30 20:21:52 -Quartz scheduler 'schedulerFactoryBean' initialized from an externally provided properties instance.
2019-04-30 20:21:52 -Quartz scheduler version: 2.2.1
2019-04-30 20:21:52 -JobFactory set to: cn.edu.ctbu.sbadmin.common.quartz.factory.JobFactory@1187dc82
2019-04-30 20:21:53 -通用 Mapper 警告信息: <[EntityColumn{table=dim_term, property='year', column='`year`', javaType=int, jdbcType=null, typeHandler=null, id=false, identity=false, blob=false, generator='null', orderBy='null', orderPriority='0', insertable=true, updatable=true, order=DEFAULT}]> 使用了基本类型，基本类型在动态 SQL 中由于存在默认值，因此任何时候都不等于 null，建议修改基本类型为对应的包装类型!
2019-04-30 20:22:00 -Initializing ExecutorService 'applicationTaskExecutor'
2019-04-30 20:22:01 -[THYMELEAF][main] Template Mode 'LEGACYHTML5' is deprecated. Using Template Mode 'HTML' instead.
2019-04-30 20:22:02 -Clear tk.mybatis.mapper.util.MsUtil CLASS_CACHE cache.
2019-04-30 20:22:02 -Clear tk.mybatis.mapper.genid.GenIdUtil CACHE cache.
2019-04-30 20:22:02 -Clear tk.mybatis.mapper.version.VersionUtil CACHE cache.
2019-04-30 20:22:02 -Clear EntityHelper entityTableMap cache.
2019-04-30 20:22:05 -Context refreshed
2019-04-30 20:22:05 -Found 1 custom documentation plugin(s)
2019-04-30 20:22:05 -Scanning for api listing references
2019-04-30 20:22:05 -Generating unique operation named: listUsingGET_1
2019-04-30 20:22:05 -Generating unique operation named: listUsingHEAD_1
2019-04-30 20:22:05 -Generating unique operation named: listUsingPOST_1
2019-04-30 20:22:05 -Generating unique operation named: listUsingPUT_1
2019-04-30 20:22:05 -Generating unique operation named: listUsingPATCH_1
2019-04-30 20:22:05 -Generating unique operation named: listUsingDELETE_1
2019-04-30 20:22:05 -Generating unique operation named: listUsingOPTIONS_1
2019-04-30 20:22:05 -Generating unique operation named: listUsingTRACE_1
2019-04-30 20:22:06 -Generating unique operation named: batchDeleteUsingPOST_1
2019-04-30 20:22:06 -Generating unique operation named: batchRemoveUsingGET_1
2019-04-30 20:22:06 -Generating unique operation named: batchRemoveUsingHEAD_1
2019-04-30 20:22:06 -Generating unique operation named: batchRemoveUsingPOST_1
2019-04-30 20:22:06 -Generating unique operation named: batchRemoveUsingPUT_1
2019-04-30 20:22:06 -Generating unique operation named: batchRemoveUsingPATCH_1
2019-04-30 20:22:06 -Generating unique operation named: batchRemoveUsingDELETE_1
2019-04-30 20:22:06 -Generating unique operation named: batchRemoveUsingOPTIONS_1
2019-04-30 20:22:06 -Generating unique operation named: batchRemoveUsingTRACE_1
2019-04-30 20:22:06 -Generating unique operation named: deleteUsingPOST_1
2019-04-30 20:22:06 -Generating unique operation named: getUsingGET_1
2019-04-30 20:22:06 -Generating unique operation named: getUsingHEAD_1
2019-04-30 20:22:06 -Generating unique operation named: getUsingPOST_1
2019-04-30 20:22:06 -Generating unique operation named: getUsingPUT_1
2019-04-30 20:22:06 -Generating unique operation named: getUsingPATCH_1
2019-04-30 20:22:06 -Generating unique operation named: getUsingDELETE_1
2019-04-30 20:22:06 -Generating unique operation named: getUsingOPTIONS_1
2019-04-30 20:22:06 -Generating unique operation named: getUsingTRACE_1
2019-04-30 20:22:06 -Generating unique operation named: getAllUsingGET_1
2019-04-30 20:22:06 -Generating unique operation named: getAllUsingHEAD_1
2019-04-30 20:22:06 -Generating unique operation named: getAllUsingPOST_1
2019-04-30 20:22:06 -Generating unique operation named: getAllUsingPUT_1
2019-04-30 20:22:06 -Generating unique operation named: getAllUsingPATCH_1
2019-04-30 20:22:06 -Generating unique operation named: getAllUsingDELETE_1
2019-04-30 20:22:06 -Generating unique operation named: getAllUsingOPTIONS_1
2019-04-30 20:22:06 -Generating unique operation named: getAllUsingTRACE_1
2019-04-30 20:22:06 -Generating unique operation named: listUsingGET_2
2019-04-30 20:22:06 -Generating unique operation named: listUsingHEAD_2
2019-04-30 20:22:06 -Generating unique operation named: listUsingPOST_2
2019-04-30 20:22:06 -Generating unique operation named: listUsingPUT_2
2019-04-30 20:22:06 -Generating unique operation named: listUsingPATCH_2
2019-04-30 20:22:06 -Generating unique operation named: listUsingDELETE_2
2019-04-30 20:22:06 -Generating unique operation named: listUsingOPTIONS_2
2019-04-30 20:22:06 -Generating unique operation named: listUsingTRACE_2
2019-04-30 20:22:06 -Generating unique operation named: saveUsingPOST_1
2019-04-30 20:22:06 -Generating unique operation named: updateUsingGET_1
2019-04-30 20:22:06 -Generating unique operation named: updateUsingHEAD_1
2019-04-30 20:22:06 -Generating unique operation named: updateUsingPOST_1
2019-04-30 20:22:06 -Generating unique operation named: updateUsingPUT_1
2019-04-30 20:22:06 -Generating unique operation named: updateUsingPATCH_1
2019-04-30 20:22:06 -Generating unique operation named: updateUsingDELETE_1
2019-04-30 20:22:06 -Generating unique operation named: updateUsingOPTIONS_1
2019-04-30 20:22:06 -Generating unique operation named: updateUsingTRACE_1
2019-04-30 20:22:06 -Generating unique operation named: deleteUsingPOST_2
2019-04-30 20:22:06 -Generating unique operation named: editUsingGET_1
2019-04-30 20:22:06 -Generating unique operation named: saveUsingPOST_2
2019-04-30 20:22:06 -Generating unique operation named: updateUsingGET_2
2019-04-30 20:22:06 -Generating unique operation named: updateUsingHEAD_2
2019-04-30 20:22:06 -Generating unique operation named: updateUsingPOST_2
2019-04-30 20:22:06 -Generating unique operation named: updateUsingPUT_2
2019-04-30 20:22:06 -Generating unique operation named: updateUsingPATCH_2
2019-04-30 20:22:06 -Generating unique operation named: updateUsingDELETE_2
2019-04-30 20:22:06 -Generating unique operation named: updateUsingOPTIONS_2
2019-04-30 20:22:06 -Generating unique operation named: updateUsingTRACE_2
2019-04-30 20:22:06 -Generating unique operation named: editUsingGET_2
2019-04-30 20:22:06 -Generating unique operation named: editUsingHEAD_1
2019-04-30 20:22:06 -Generating unique operation named: editUsingPOST_1
2019-04-30 20:22:06 -Generating unique operation named: editUsingPUT_1
2019-04-30 20:22:06 -Generating unique operation named: editUsingPATCH_1
2019-04-30 20:22:06 -Generating unique operation named: editUsingDELETE_1
2019-04-30 20:22:06 -Generating unique operation named: editUsingOPTIONS_1
2019-04-30 20:22:06 -Generating unique operation named: editUsingTRACE_1
2019-04-30 20:22:06 -Generating unique operation named: listUsingGET_3
2019-04-30 20:22:06 -Generating unique operation named: listUsingHEAD_3
2019-04-30 20:22:06 -Generating unique operation named: listUsingPOST_3
2019-04-30 20:22:06 -Generating unique operation named: listUsingPUT_3
2019-04-30 20:22:06 -Generating unique operation named: listUsingPATCH_3
2019-04-30 20:22:06 -Generating unique operation named: listUsingDELETE_3
2019-04-30 20:22:06 -Generating unique operation named: listUsingOPTIONS_3
2019-04-30 20:22:06 -Generating unique operation named: listUsingTRACE_3
2019-04-30 20:22:06 -Generating unique operation named: listUsingGET_4
2019-04-30 20:22:06 -Generating unique operation named: listUsingHEAD_4
2019-04-30 20:22:06 -Generating unique operation named: listUsingPOST_4
2019-04-30 20:22:06 -Generating unique operation named: listUsingPUT_4
2019-04-30 20:22:06 -Generating unique operation named: listUsingPATCH_4
2019-04-30 20:22:06 -Generating unique operation named: listUsingDELETE_4
2019-04-30 20:22:06 -Generating unique operation named: listUsingOPTIONS_4
2019-04-30 20:22:06 -Generating unique operation named: listUsingTRACE_4
2019-04-30 20:22:06 -Generating unique operation named: addUsingGET_1
2019-04-30 20:22:06 -Generating unique operation named: deleteUsingPOST_3
2019-04-30 20:22:06 -Generating unique operation named: deleteUsingPOST_4
2019-04-30 20:22:06 -Generating unique operation named: saveUsingPOST_3
2019-04-30 20:22:07 -Generating unique operation named: updateUsingGET_3
2019-04-30 20:22:07 -Generating unique operation named: updateUsingHEAD_3
2019-04-30 20:22:07 -Generating unique operation named: updateUsingPOST_3
2019-04-30 20:22:07 -Generating unique operation named: updateUsingPUT_3
2019-04-30 20:22:07 -Generating unique operation named: updateUsingPATCH_3
2019-04-30 20:22:07 -Generating unique operation named: updateUsingDELETE_3
2019-04-30 20:22:07 -Generating unique operation named: updateUsingOPTIONS_3
2019-04-30 20:22:07 -Generating unique operation named: updateUsingTRACE_3
2019-04-30 20:22:07 -Generating unique operation named: editUsingGET_3
2019-04-30 20:22:07 -Generating unique operation named: listUsingGET_5
2019-04-30 20:22:07 -Generating unique operation named: updateUsingPOST_4
2019-04-30 20:22:07 -Generating unique operation named: addUsingGET_2
2019-04-30 20:22:07 -Generating unique operation named: editUsingGET_4
2019-04-30 20:22:07 -Generating unique operation named: infoUsingGET_1
2019-04-30 20:22:07 -Generating unique operation named: infoUsingHEAD_1
2019-04-30 20:22:07 -Generating unique operation named: infoUsingPOST_1
2019-04-30 20:22:07 -Generating unique operation named: infoUsingPUT_1
2019-04-30 20:22:07 -Generating unique operation named: infoUsingPATCH_1
2019-04-30 20:22:07 -Generating unique operation named: infoUsingDELETE_1
2019-04-30 20:22:07 -Generating unique operation named: infoUsingOPTIONS_1
2019-04-30 20:22:07 -Generating unique operation named: infoUsingTRACE_1
2019-04-30 20:22:07 -Generating unique operation named: removeUsingPOST_1
2019-04-30 20:22:07 -Generating unique operation named: saveUsingPOST_4
2019-04-30 20:22:07 -Generating unique operation named: updateUsingPOST_5
2019-04-30 20:22:07 -Generating unique operation named: ZTreeAllUsingGET_1
2019-04-30 20:22:07 -Generating unique operation named: batchDeleteUsingPOST_2
2019-04-30 20:22:07 -Generating unique operation named: deleteUsingPOST_5
2019-04-30 20:22:07 -Generating unique operation named: getUsingGET_2
2019-04-30 20:22:07 -Generating unique operation named: getUsingHEAD_2
2019-04-30 20:22:07 -Generating unique operation named: getUsingPOST_2
2019-04-30 20:22:07 -Generating unique operation named: getUsingPUT_2
2019-04-30 20:22:07 -Generating unique operation named: getUsingPATCH_2
2019-04-30 20:22:07 -Generating unique operation named: getUsingDELETE_2
2019-04-30 20:22:07 -Generating unique operation named: getUsingOPTIONS_2
2019-04-30 20:22:07 -Generating unique operation named: getUsingTRACE_2
2019-04-30 20:22:07 -Generating unique operation named: getAllUsingGET_2
2019-04-30 20:22:07 -Generating unique operation named: getAllUsingHEAD_2
2019-04-30 20:22:07 -Generating unique operation named: getAllUsingPOST_2
2019-04-30 20:22:07 -Generating unique operation named: getAllUsingPUT_2
2019-04-30 20:22:07 -Generating unique operation named: getAllUsingPATCH_2
2019-04-30 20:22:07 -Generating unique operation named: getAllUsingDELETE_2
2019-04-30 20:22:07 -Generating unique operation named: getAllUsingOPTIONS_2
2019-04-30 20:22:07 -Generating unique operation named: getAllUsingTRACE_2
2019-04-30 20:22:07 -Generating unique operation named: listUsingGET_6
2019-04-30 20:22:07 -Generating unique operation named: listUsingHEAD_5
2019-04-30 20:22:07 -Generating unique operation named: listUsingPOST_5
2019-04-30 20:22:07 -Generating unique operation named: listUsingPUT_5
2019-04-30 20:22:07 -Generating unique operation named: listUsingPATCH_5
2019-04-30 20:22:07 -Generating unique operation named: listUsingDELETE_5
2019-04-30 20:22:07 -Generating unique operation named: listUsingOPTIONS_5
2019-04-30 20:22:07 -Generating unique operation named: listUsingTRACE_5
2019-04-30 20:22:07 -Generating unique operation named: saveUsingPOST_5
2019-04-30 20:22:07 -Generating unique operation named: treeUsingGET_1
2019-04-30 20:22:07 -Generating unique operation named: updateUsingGET_4
2019-04-30 20:22:07 -Generating unique operation named: updateUsingHEAD_4
2019-04-30 20:22:07 -Generating unique operation named: updateUsingPOST_6
2019-04-30 20:22:07 -Generating unique operation named: updateUsingPUT_4
2019-04-30 20:22:07 -Generating unique operation named: updateUsingPATCH_4
2019-04-30 20:22:07 -Generating unique operation named: updateUsingDELETE_4
2019-04-30 20:22:07 -Generating unique operation named: updateUsingOPTIONS_4
2019-04-30 20:22:07 -Generating unique operation named: updateUsingTRACE_4
2019-04-30 20:22:07 -Generating unique operation named: exportExcelUsingGET_1
2019-04-30 20:22:07 -Generating unique operation named: exportExcelUsingHEAD_1
2019-04-30 20:22:07 -Generating unique operation named: exportExcelUsingPOST_1
2019-04-30 20:22:07 -Generating unique operation named: exportExcelUsingPUT_1
2019-04-30 20:22:07 -Generating unique operation named: exportExcelUsingPATCH_1
2019-04-30 20:22:08 -Generating unique operation named: exportExcelUsingDELETE_1
2019-04-30 20:22:08 -Generating unique operation named: exportExcelUsingOPTIONS_1
2019-04-30 20:22:08 -Generating unique operation named: exportExcelUsingTRACE_1
2019-04-30 20:22:08 -Generating unique operation named: getUsingGET_3
2019-04-30 20:22:08 -Generating unique operation named: getUsingHEAD_3
2019-04-30 20:22:08 -Generating unique operation named: getUsingPOST_3
2019-04-30 20:22:08 -Generating unique operation named: getUsingPUT_3
2019-04-30 20:22:08 -Generating unique operation named: getUsingPATCH_3
2019-04-30 20:22:08 -Generating unique operation named: getUsingDELETE_3
2019-04-30 20:22:08 -Generating unique operation named: getUsingOPTIONS_3
2019-04-30 20:22:08 -Generating unique operation named: getUsingTRACE_3
2019-04-30 20:22:08 -Generating unique operation named: getAllUsingGET_3
2019-04-30 20:22:08 -Generating unique operation named: getAllUsingHEAD_3
2019-04-30 20:22:08 -Generating unique operation named: getAllUsingPOST_3
2019-04-30 20:22:08 -Generating unique operation named: getAllUsingPUT_3
2019-04-30 20:22:08 -Generating unique operation named: getAllUsingPATCH_3
2019-04-30 20:22:08 -Generating unique operation named: getAllUsingDELETE_3
2019-04-30 20:22:08 -Generating unique operation named: getAllUsingOPTIONS_3
2019-04-30 20:22:08 -Generating unique operation named: getAllUsingTRACE_3
2019-04-30 20:22:08 -Generating unique operation named: listUsingGET_7
2019-04-30 20:22:08 -Generating unique operation named: listUsingHEAD_6
2019-04-30 20:22:08 -Generating unique operation named: listUsingPOST_6
2019-04-30 20:22:08 -Generating unique operation named: listUsingPUT_6
2019-04-30 20:22:08 -Generating unique operation named: listUsingPATCH_6
2019-04-30 20:22:08 -Generating unique operation named: listUsingDELETE_6
2019-04-30 20:22:08 -Generating unique operation named: listUsingOPTIONS_6
2019-04-30 20:22:08 -Generating unique operation named: listUsingTRACE_6
2019-04-30 20:22:08 -Generating unique operation named: queryByQUsingGET_1
2019-04-30 20:22:08 -Generating unique operation named: queryByQUsingHEAD_1
2019-04-30 20:22:08 -Generating unique operation named: queryByQUsingPOST_1
2019-04-30 20:22:08 -Generating unique operation named: queryByQUsingPUT_1
2019-04-30 20:22:08 -Generating unique operation named: queryByQUsingPATCH_1
2019-04-30 20:22:08 -Generating unique operation named: queryByQUsingDELETE_1
2019-04-30 20:22:08 -Generating unique operation named: queryByQUsingOPTIONS_1
2019-04-30 20:22:08 -Generating unique operation named: queryByQUsingTRACE_1
2019-04-30 20:22:08 -Generating unique operation named: saveUsingPOST_6
2019-04-30 20:22:08 -Generating unique operation named: updateUsingPOST_7
2019-04-30 20:22:08 -Generating unique operation named: listUsingGET_8
2019-04-30 20:22:08 -Generating unique operation named: listUsingHEAD_7
2019-04-30 20:22:08 -Generating unique operation named: listUsingPOST_7
2019-04-30 20:22:08 -Generating unique operation named: listUsingPUT_7
2019-04-30 20:22:08 -Generating unique operation named: listUsingPATCH_7
2019-04-30 20:22:08 -Generating unique operation named: listUsingDELETE_7
2019-04-30 20:22:08 -Generating unique operation named: listUsingOPTIONS_7
2019-04-30 20:22:08 -Generating unique operation named: listUsingTRACE_7
2019-04-30 20:22:08 -Generating unique operation named: getUsingGET_4
2019-04-30 20:22:08 -Generating unique operation named: getUsingHEAD_4
2019-04-30 20:22:08 -Generating unique operation named: getUsingPOST_4
2019-04-30 20:22:08 -Generating unique operation named: getUsingPUT_4
2019-04-30 20:22:08 -Generating unique operation named: getUsingPATCH_4
2019-04-30 20:22:08 -Generating unique operation named: getUsingDELETE_4
2019-04-30 20:22:08 -Generating unique operation named: getUsingOPTIONS_4
2019-04-30 20:22:08 -Generating unique operation named: getUsingTRACE_4
2019-04-30 20:22:08 -Generating unique operation named: saveUsingPOST_7
2019-04-30 20:22:08 -Generating unique operation named: updateUsingPOST_8
2019-04-30 20:22:08 -Generating unique operation named: editUsingGET_5
2019-04-30 20:22:08 -Generating unique operation named: editUsingHEAD_2
2019-04-30 20:22:08 -Generating unique operation named: editUsingPOST_2
2019-04-30 20:22:08 -Generating unique operation named: editUsingPUT_2
2019-04-30 20:22:08 -Generating unique operation named: editUsingPATCH_2
2019-04-30 20:22:08 -Generating unique operation named: editUsingDELETE_2
2019-04-30 20:22:08 -Generating unique operation named: editUsingOPTIONS_2
2019-04-30 20:22:08 -Generating unique operation named: editUsingTRACE_2
2019-04-30 20:22:08 -Generating unique operation named: listUsingGET_9
2019-04-30 20:22:08 -Generating unique operation named: listUsingHEAD_8
2019-04-30 20:22:08 -Generating unique operation named: listUsingPOST_8
2019-04-30 20:22:08 -Generating unique operation named: listUsingPUT_8
2019-04-30 20:22:08 -Generating unique operation named: listUsingPATCH_8
2019-04-30 20:22:08 -Generating unique operation named: listUsingDELETE_8
2019-04-30 20:22:08 -Generating unique operation named: listUsingOPTIONS_8
2019-04-30 20:22:08 -Generating unique operation named: listUsingTRACE_8
2019-04-30 20:22:08 -Generating unique operation named: editUsingGET_6
2019-04-30 20:22:08 -Generating unique operation named: editUsingHEAD_3
2019-04-30 20:22:08 -Generating unique operation named: editUsingPOST_3
2019-04-30 20:22:08 -Generating unique operation named: editUsingPUT_3
2019-04-30 20:22:08 -Generating unique operation named: editUsingPATCH_3
2019-04-30 20:22:08 -Generating unique operation named: editUsingDELETE_3
2019-04-30 20:22:08 -Generating unique operation named: editUsingOPTIONS_3
2019-04-30 20:22:08 -Generating unique operation named: editUsingTRACE_3
2019-04-30 20:22:08 -Generating unique operation named: listUsingGET_10
2019-04-30 20:22:08 -Generating unique operation named: listUsingHEAD_9
2019-04-30 20:22:08 -Generating unique operation named: listUsingPOST_9
2019-04-30 20:22:08 -Generating unique operation named: listUsingPUT_9
2019-04-30 20:22:08 -Generating unique operation named: listUsingPATCH_9
2019-04-30 20:22:08 -Generating unique operation named: listUsingDELETE_9
2019-04-30 20:22:08 -Generating unique operation named: listUsingOPTIONS_9
2019-04-30 20:22:08 -Generating unique operation named: listUsingTRACE_9
2019-04-30 20:22:08 -Generating unique operation named: editUsingGET_7
2019-04-30 20:22:08 -Generating unique operation named: editUsingHEAD_4
2019-04-30 20:22:08 -Generating unique operation named: editUsingPOST_4
2019-04-30 20:22:08 -Generating unique operation named: editUsingPUT_4
2019-04-30 20:22:08 -Generating unique operation named: editUsingPATCH_4
2019-04-30 20:22:08 -Generating unique operation named: editUsingDELETE_4
2019-04-30 20:22:08 -Generating unique operation named: editUsingOPTIONS_4
2019-04-30 20:22:08 -Generating unique operation named: editUsingTRACE_4
2019-04-30 20:22:08 -Generating unique operation named: listUsingGET_11
2019-04-30 20:22:08 -Generating unique operation named: listUsingHEAD_10
2019-04-30 20:22:08 -Generating unique operation named: listUsingPOST_10
2019-04-30 20:22:08 -Generating unique operation named: listUsingPUT_10
2019-04-30 20:22:08 -Generating unique operation named: listUsingPATCH_10
2019-04-30 20:22:08 -Generating unique operation named: listUsingDELETE_10
2019-04-30 20:22:08 -Generating unique operation named: listUsingOPTIONS_10
2019-04-30 20:22:08 -Generating unique operation named: listUsingTRACE_10
2019-04-30 20:22:08 -Generating unique operation named: editUsingGET_8
2019-04-30 20:22:08 -Generating unique operation named: editUsingHEAD_5
2019-04-30 20:22:08 -Generating unique operation named: editUsingPOST_5
2019-04-30 20:22:08 -Generating unique operation named: editUsingPUT_5
2019-04-30 20:22:08 -Generating unique operation named: editUsingPATCH_5
2019-04-30 20:22:08 -Generating unique operation named: editUsingDELETE_5
2019-04-30 20:22:08 -Generating unique operation named: editUsingOPTIONS_5
2019-04-30 20:22:08 -Generating unique operation named: editUsingTRACE_5
2019-04-30 20:22:08 -Generating unique operation named: listUsingGET_12
2019-04-30 20:22:08 -Generating unique operation named: listUsingHEAD_11
2019-04-30 20:22:08 -Generating unique operation named: listUsingPOST_11
2019-04-30 20:22:08 -Generating unique operation named: listUsingPUT_11
2019-04-30 20:22:08 -Generating unique operation named: listUsingPATCH_11
2019-04-30 20:22:08 -Generating unique operation named: listUsingDELETE_11
2019-04-30 20:22:08 -Generating unique operation named: listUsingOPTIONS_11
2019-04-30 20:22:08 -Generating unique operation named: listUsingTRACE_11
2019-04-30 20:22:08 -Generating unique operation named: batchDeleteUsingPOST_3
2019-04-30 20:22:08 -Generating unique operation named: batchRemoveUsingGET_2
2019-04-30 20:22:08 -Generating unique operation named: batchRemoveUsingHEAD_2
2019-04-30 20:22:08 -Generating unique operation named: batchRemoveUsingPOST_2
2019-04-30 20:22:08 -Generating unique operation named: batchRemoveUsingPUT_2
2019-04-30 20:22:08 -Generating unique operation named: batchRemoveUsingPATCH_2
2019-04-30 20:22:08 -Generating unique operation named: batchRemoveUsingDELETE_2
2019-04-30 20:22:08 -Generating unique operation named: batchRemoveUsingOPTIONS_2
2019-04-30 20:22:08 -Generating unique operation named: batchRemoveUsingTRACE_2
2019-04-30 20:22:08 -Generating unique operation named: deleteUsingPOST_6
2019-04-30 20:22:08 -Generating unique operation named: getUsingGET_5
2019-04-30 20:22:08 -Generating unique operation named: getUsingHEAD_5
2019-04-30 20:22:08 -Generating unique operation named: getUsingPOST_5
2019-04-30 20:22:08 -Generating unique operation named: getUsingPUT_5
2019-04-30 20:22:08 -Generating unique operation named: getUsingPATCH_5
2019-04-30 20:22:08 -Generating unique operation named: getUsingDELETE_5
2019-04-30 20:22:08 -Generating unique operation named: getUsingOPTIONS_5
2019-04-30 20:22:08 -Generating unique operation named: getUsingTRACE_5
2019-04-30 20:22:08 -Generating unique operation named: getAllUsingGET_4
2019-04-30 20:22:08 -Generating unique operation named: getAllUsingHEAD_4
2019-04-30 20:22:08 -Generating unique operation named: getAllUsingPOST_4
2019-04-30 20:22:08 -Generating unique operation named: getAllUsingPUT_4
2019-04-30 20:22:08 -Generating unique operation named: getAllUsingPATCH_4
2019-04-30 20:22:08 -Generating unique operation named: getAllUsingDELETE_4
2019-04-30 20:22:08 -Generating unique operation named: getAllUsingOPTIONS_4
2019-04-30 20:22:08 -Generating unique operation named: getAllUsingTRACE_4
2019-04-30 20:22:08 -Generating unique operation named: listUsingGET_13
2019-04-30 20:22:08 -Generating unique operation named: listUsingHEAD_12
2019-04-30 20:22:08 -Generating unique operation named: listUsingPOST_12
2019-04-30 20:22:08 -Generating unique operation named: listUsingPUT_12
2019-04-30 20:22:08 -Generating unique operation named: listUsingPATCH_12
2019-04-30 20:22:08 -Generating unique operation named: listUsingDELETE_12
2019-04-30 20:22:08 -Generating unique operation named: listUsingOPTIONS_12
2019-04-30 20:22:08 -Generating unique operation named: listUsingTRACE_12
2019-04-30 20:22:08 -Generating unique operation named: queryByQUsingGET_2
2019-04-30 20:22:08 -Generating unique operation named: queryByQUsingHEAD_2
2019-04-30 20:22:08 -Generating unique operation named: queryByQUsingPOST_2
2019-04-30 20:22:08 -Generating unique operation named: queryByQUsingPUT_2
2019-04-30 20:22:08 -Generating unique operation named: queryByQUsingPATCH_2
2019-04-30 20:22:08 -Generating unique operation named: queryByQUsingDELETE_2
2019-04-30 20:22:08 -Generating unique operation named: queryByQUsingOPTIONS_2
2019-04-30 20:22:08 -Generating unique operation named: queryByQUsingTRACE_2
2019-04-30 20:22:09 -Generating unique operation named: saveUsingPOST_8
2019-04-30 20:22:09 -Generating unique operation named: updateUsingGET_5
2019-04-30 20:22:09 -Generating unique operation named: updateUsingHEAD_5
2019-04-30 20:22:09 -Generating unique operation named: updateUsingPOST_9
2019-04-30 20:22:09 -Generating unique operation named: updateUsingPUT_5
2019-04-30 20:22:09 -Generating unique operation named: updateUsingPATCH_5
2019-04-30 20:22:09 -Generating unique operation named: updateUsingDELETE_5
2019-04-30 20:22:09 -Generating unique operation named: updateUsingOPTIONS_5
2019-04-30 20:22:09 -Generating unique operation named: updateUsingTRACE_5
2019-04-30 20:22:09 -Starting Quartz Scheduler now
2019-04-30 20:22:09 -Scheduler schedulerFactoryBean_$_NON_CLUSTERED started.
2019-04-30 20:22:09 -Started SbadminApplicationTests in 33.645 seconds (JVM running for 37.83)
2019-04-30 20:22:09 -==>  Preparing: SELECT count(0) FROM sys_task 
2019-04-30 20:22:09 -==> Parameters: 
2019-04-30 20:22:10 -<==      Total: 1
2019-04-30 20:22:10 -==>  Preparing: SELECT id,cron_expression,method_name,is_concurrent,description,update_by,bean_class,create_date,job_status,job_group,update_date,create_by,spring_bean,job_name FROM sys_task LIMIT ? 
2019-04-30 20:22:10 -==> Parameters: 9999(Integer)
2019-04-30 20:22:10 -<==      Total: 1
2019-04-30 20:22:10 -Scheduler schedulerFactoryBean_$_NON_CLUSTERED paused.
2019-04-30 20:22:10 -Shutting down ExecutorService 'applicationTaskExecutor'
2019-04-30 20:22:10 -Scheduler schedulerFactoryBean_$_NON_CLUSTERED shutting down.
2019-04-30 20:22:10 -Scheduler schedulerFactoryBean_$_NON_CLUSTERED paused.
2019-04-30 20:22:10 -Scheduler schedulerFactoryBean_$_NON_CLUSTERED shutdown complete.
2019-04-30 20:22:10 -Shutting down Quartz Scheduler
2019-04-30 20:22:10 -{dataSource-1} closed
2019-04-30 20:27:53 -Starting SbadminApplication on DESKTOP-PQO8CHD with PID 10284 (started by abc in E:\idea project\lablog)
2019-04-30 20:27:53 -The following profiles are active: dev
2019-04-30 20:27:56 -Skipping MapperFactoryBean with name 'dictDao' and 'cn.edu.ctbu.sbadmin.common.dao.DictDao' mapperInterface. Bean already defined with the same name!
2019-04-30 20:27:56 -Skipping MapperFactoryBean with name 'fileDao' and 'cn.edu.ctbu.sbadmin.common.dao.FileDao' mapperInterface. Bean already defined with the same name!
2019-04-30 20:27:56 -Skipping MapperFactoryBean with name 'logDao' and 'cn.edu.ctbu.sbadmin.common.dao.LogDao' mapperInterface. Bean already defined with the same name!
2019-04-30 20:27:56 -Skipping MapperFactoryBean with name 'taskDao' and 'cn.edu.ctbu.sbadmin.common.dao.TaskDao' mapperInterface. Bean already defined with the same name!
2019-04-30 20:27:56 -Skipping MapperFactoryBean with name 'configDao' and 'cn.edu.ctbu.sbadmin.system.dao.ConfigDao' mapperInterface. Bean already defined with the same name!
2019-04-30 20:27:56 -Skipping MapperFactoryBean with name 'deptDao' and 'cn.edu.ctbu.sbadmin.system.dao.DeptDao' mapperInterface. Bean already defined with the same name!
2019-04-30 20:27:56 -Skipping MapperFactoryBean with name 'menuDao' and 'cn.edu.ctbu.sbadmin.system.dao.MenuDao' mapperInterface. Bean already defined with the same name!
2019-04-30 20:27:56 -Skipping MapperFactoryBean with name 'roleDao' and 'cn.edu.ctbu.sbadmin.system.dao.RoleDao' mapperInterface. Bean already defined with the same name!
2019-04-30 20:27:56 -Skipping MapperFactoryBean with name 'roleMenuDao' and 'cn.edu.ctbu.sbadmin.system.dao.RoleMenuDao' mapperInterface. Bean already defined with the same name!
2019-04-30 20:27:56 -Skipping MapperFactoryBean with name 'sysLogDao' and 'cn.edu.ctbu.sbadmin.system.dao.SysLogDao' mapperInterface. Bean already defined with the same name!
2019-04-30 20:27:56 -Skipping MapperFactoryBean with name 'userDao' and 'cn.edu.ctbu.sbadmin.system.dao.UserDao' mapperInterface. Bean already defined with the same name!
2019-04-30 20:27:56 -Skipping MapperFactoryBean with name 'userRoleDao' and 'cn.edu.ctbu.sbadmin.system.dao.UserRoleDao' mapperInterface. Bean already defined with the same name!
2019-04-30 20:27:56 -No MyBatis mapper was found in '[cn.edu.ctbu.sbadmin.common.config, cn.edu.ctbu]' package. Please check your configuration.
2019-04-30 20:27:56 -Multiple Spring Data modules found, entering strict repository configuration mode!
2019-04-30 20:27:56 -Bootstrapping Spring Data repositories in DEFAULT mode.
2019-04-30 20:27:56 -Finished Spring Data repository scanning in 88ms. Found 0 repository interfaces.
2019-04-30 20:27:57 -Bean 'org.springframework.transaction.annotation.ProxyTransactionManagementConfiguration' of type [org.springframework.transaction.annotation.ProxyTransactionManagementConfiguration$$EnhancerBySpringCGLIB$$764bfacb] is not eligible for getting processed by all BeanPostProcessors (for example: not eligible for auto-proxying)
2019-04-30 20:27:57 -Bean 'shiroConfig' of type [cn.edu.ctbu.sbadmin.system.config.ShiroConfig$$EnhancerBySpringCGLIB$$8f8ab1d9] is not eligible for getting processed by all BeanPostProcessors (for example: not eligible for auto-proxying)
2019-04-30 20:27:58 -Bean 'userRealm' of type [cn.edu.ctbu.sbadmin.system.shiro.UserRealm] is not eligible for getting processed by all BeanPostProcessors (for example: not eligible for auto-proxying)
2019-04-30 20:27:59 -Bean 'cacheManager2' of type [net.sf.ehcache.CacheManager] is not eligible for getting processed by all BeanPostProcessors (for example: not eligible for auto-proxying)
2019-04-30 20:27:59 -Bean 'ehCacheManager' of type [org.apache.shiro.cache.ehcache.EhCacheManager] is not eligible for getting processed by all BeanPostProcessors (for example: not eligible for auto-proxying)
2019-04-30 20:27:59 -Cache with name 'cn.edu.ctbu.sbadmin.system.shiro.UserRealm.authorizationCache' does not yet exist.  Creating now.
2019-04-30 20:27:59 -Added EhCache named [cn.edu.ctbu.sbadmin.system.shiro.UserRealm.authorizationCache]
2019-04-30 20:27:59 -Bean 'sessionDAO' of type [org.apache.shiro.session.mgt.eis.MemorySessionDAO] is not eligible for getting processed by all BeanPostProcessors (for example: not eligible for auto-proxying)
2019-04-30 20:27:59 -Bean 'sessionManager' of type [org.apache.shiro.web.session.mgt.DefaultWebSessionManager] is not eligible for getting processed by all BeanPostProcessors (for example: not eligible for auto-proxying)
2019-04-30 20:27:59 -Bean 'securityManager' of type [org.apache.shiro.web.mgt.DefaultWebSecurityManager] is not eligible for getting processed by all BeanPostProcessors (for example: not eligible for auto-proxying)
2019-04-30 20:27:59 -Bean 'authorizationAttributeSourceAdvisor' of type [org.apache.shiro.spring.security.interceptor.AuthorizationAttributeSourceAdvisor] is not eligible for getting processed by all BeanPostProcessors (for example: not eligible for auto-proxying)
2019-04-30 20:28:00 -Tomcat initialized with port(s): 80 (http)
2019-04-30 20:28:00 -Initializing ProtocolHandler ["http-nio-80"]
2019-04-30 20:28:00 -Starting service [Tomcat]
2019-04-30 20:28:00 -Starting Servlet engine: [Apache Tomcat/9.0.16]
2019-04-30 20:28:00 -The APR based Apache Tomcat Native library which allows optimal performance in production environments was not found on the java.library.path: [C:\Program Files\Java\jdk1.8.0_201\bin;C:\Windows\Sun\Java\bin;C:\Windows\system32;C:\Windows;C:\Program Files (x86)\Common Files\Oracle\Java\javapath;C:\Windows\system32;C:\Windows;C:\Windows\System32\Wbem;C:\Windows\System32\WindowsPowerShell\v1.0\;C:\Windows\System32\OpenSSH\;E:\Git\cmd;C:\Program Files (x86)\MySQL\MySQL Server 5.5\bin;C:\Users\abc\AppData\Local\Microsoft\WindowsApps;;.]
2019-04-30 20:28:00 -Initializing Spring embedded WebApplicationContext
2019-04-30 20:28:00 -Root WebApplicationContext: initialization completed in 6926 ms
2019-04-30 20:28:00 -Filter xssFilter was not registered (disabled)
2019-04-30 20:28:01 -{dataSource-1} inited
2019-04-30 20:28:02 -ApplicationContext registed-->org.springframework.boot.web.servlet.context.AnnotationConfigServletWebServerApplicationContext@957e06, started on Tue Apr 30 20:27:53 CST 2019
2019-04-30 20:28:03 -Using default implementation for ThreadExecutor
2019-04-30 20:28:03 -Initialized Scheduler Signaller of type: class org.quartz.core.SchedulerSignalerImpl
2019-04-30 20:28:03 -Quartz Scheduler v.2.2.1 created.
2019-04-30 20:28:03 -RAMJobStore initialized.
2019-04-30 20:28:03 -Scheduler meta-data: Quartz Scheduler (v2.2.1) 'schedulerFactoryBean' with instanceId 'NON_CLUSTERED'
  Scheduler class: 'org.quartz.core.QuartzScheduler' - running locally.
  NOT STARTED.
  Currently in standby mode.
  Number of jobs executed: 0
  Using thread pool 'org.quartz.simpl.SimpleThreadPool' - with 10 threads.
  Using job-store 'org.quartz.simpl.RAMJobStore' - which does not support persistence. and is not clustered.

2019-04-30 20:28:03 -Quartz scheduler 'schedulerFactoryBean' initialized from an externally provided properties instance.
2019-04-30 20:28:03 -Quartz scheduler version: 2.2.1
2019-04-30 20:28:03 -JobFactory set to: cn.edu.ctbu.sbadmin.common.quartz.factory.JobFactory@3a4e524
2019-04-30 20:28:03 -通用 Mapper 警告信息: <[EntityColumn{table=dim_term, property='year', column='`year`', javaType=int, jdbcType=null, typeHandler=null, id=false, identity=false, blob=false, generator='null', orderBy='null', orderPriority='0', insertable=true, updatable=true, order=DEFAULT}]> 使用了基本类型，基本类型在动态 SQL 中由于存在默认值，因此任何时候都不等于 null，建议修改基本类型为对应的包装类型!
2019-04-30 20:28:07 -Initializing ExecutorService 'applicationTaskExecutor'
2019-04-30 20:28:08 -[THYMELEAF][main] Template Mode 'LEGACYHTML5' is deprecated. Using Template Mode 'HTML' instead.
2019-04-30 20:28:08 -Clear tk.mybatis.mapper.util.MsUtil CLASS_CACHE cache.
2019-04-30 20:28:08 -Clear tk.mybatis.mapper.genid.GenIdUtil CACHE cache.
2019-04-30 20:28:08 -Clear tk.mybatis.mapper.version.VersionUtil CACHE cache.
2019-04-30 20:28:08 -Clear EntityHelper entityTableMap cache.
2019-04-30 20:28:10 -Context refreshed
2019-04-30 20:28:10 -Found 1 custom documentation plugin(s)
2019-04-30 20:28:10 -Scanning for api listing references
2019-04-30 20:28:11 -Generating unique operation named: listUsingGET_1
2019-04-30 20:28:11 -Generating unique operation named: listUsingHEAD_1
2019-04-30 20:28:11 -Generating unique operation named: listUsingPOST_1
2019-04-30 20:28:11 -Generating unique operation named: listUsingPUT_1
2019-04-30 20:28:11 -Generating unique operation named: listUsingPATCH_1
2019-04-30 20:28:11 -Generating unique operation named: listUsingDELETE_1
2019-04-30 20:28:11 -Generating unique operation named: listUsingOPTIONS_1
2019-04-30 20:28:11 -Generating unique operation named: listUsingTRACE_1
2019-04-30 20:28:11 -Generating unique operation named: batchDeleteUsingPOST_1
2019-04-30 20:28:11 -Generating unique operation named: batchRemoveUsingGET_1
2019-04-30 20:28:11 -Generating unique operation named: batchRemoveUsingHEAD_1
2019-04-30 20:28:11 -Generating unique operation named: batchRemoveUsingPOST_1
2019-04-30 20:28:11 -Generating unique operation named: batchRemoveUsingPUT_1
2019-04-30 20:28:11 -Generating unique operation named: batchRemoveUsingPATCH_1
2019-04-30 20:28:11 -Generating unique operation named: batchRemoveUsingDELETE_1
2019-04-30 20:28:11 -Generating unique operation named: batchRemoveUsingOPTIONS_1
2019-04-30 20:28:11 -Generating unique operation named: batchRemoveUsingTRACE_1
2019-04-30 20:28:11 -Generating unique operation named: deleteUsingPOST_1
2019-04-30 20:28:11 -Generating unique operation named: getUsingGET_1
2019-04-30 20:28:11 -Generating unique operation named: getUsingHEAD_1
2019-04-30 20:28:11 -Generating unique operation named: getUsingPOST_1
2019-04-30 20:28:11 -Generating unique operation named: getUsingPUT_1
2019-04-30 20:28:11 -Generating unique operation named: getUsingPATCH_1
2019-04-30 20:28:11 -Generating unique operation named: getUsingDELETE_1
2019-04-30 20:28:11 -Generating unique operation named: getUsingOPTIONS_1
2019-04-30 20:28:11 -Generating unique operation named: getUsingTRACE_1
2019-04-30 20:28:11 -Generating unique operation named: getAllUsingGET_1
2019-04-30 20:28:11 -Generating unique operation named: getAllUsingHEAD_1
2019-04-30 20:28:11 -Generating unique operation named: getAllUsingPOST_1
2019-04-30 20:28:11 -Generating unique operation named: getAllUsingPUT_1
2019-04-30 20:28:11 -Generating unique operation named: getAllUsingPATCH_1
2019-04-30 20:28:11 -Generating unique operation named: getAllUsingDELETE_1
2019-04-30 20:28:11 -Generating unique operation named: getAllUsingOPTIONS_1
2019-04-30 20:28:11 -Generating unique operation named: getAllUsingTRACE_1
2019-04-30 20:28:11 -Generating unique operation named: listUsingGET_2
2019-04-30 20:28:11 -Generating unique operation named: listUsingHEAD_2
2019-04-30 20:28:11 -Generating unique operation named: listUsingPOST_2
2019-04-30 20:28:11 -Generating unique operation named: listUsingPUT_2
2019-04-30 20:28:11 -Generating unique operation named: listUsingPATCH_2
2019-04-30 20:28:11 -Generating unique operation named: listUsingDELETE_2
2019-04-30 20:28:11 -Generating unique operation named: listUsingOPTIONS_2
2019-04-30 20:28:11 -Generating unique operation named: listUsingTRACE_2
2019-04-30 20:28:11 -Generating unique operation named: saveUsingPOST_1
2019-04-30 20:28:11 -Generating unique operation named: updateUsingGET_1
2019-04-30 20:28:11 -Generating unique operation named: updateUsingHEAD_1
2019-04-30 20:28:11 -Generating unique operation named: updateUsingPOST_1
2019-04-30 20:28:11 -Generating unique operation named: updateUsingPUT_1
2019-04-30 20:28:11 -Generating unique operation named: updateUsingPATCH_1
2019-04-30 20:28:11 -Generating unique operation named: updateUsingDELETE_1
2019-04-30 20:28:11 -Generating unique operation named: updateUsingOPTIONS_1
2019-04-30 20:28:11 -Generating unique operation named: updateUsingTRACE_1
2019-04-30 20:28:11 -Generating unique operation named: deleteUsingPOST_2
2019-04-30 20:28:11 -Generating unique operation named: editUsingGET_1
2019-04-30 20:28:11 -Generating unique operation named: saveUsingPOST_2
2019-04-30 20:28:11 -Generating unique operation named: updateUsingGET_2
2019-04-30 20:28:11 -Generating unique operation named: updateUsingHEAD_2
2019-04-30 20:28:11 -Generating unique operation named: updateUsingPOST_2
2019-04-30 20:28:11 -Generating unique operation named: updateUsingPUT_2
2019-04-30 20:28:11 -Generating unique operation named: updateUsingPATCH_2
2019-04-30 20:28:11 -Generating unique operation named: updateUsingDELETE_2
2019-04-30 20:28:11 -Generating unique operation named: updateUsingOPTIONS_2
2019-04-30 20:28:11 -Generating unique operation named: updateUsingTRACE_2
2019-04-30 20:28:11 -Generating unique operation named: editUsingGET_2
2019-04-30 20:28:11 -Generating unique operation named: editUsingHEAD_1
2019-04-30 20:28:11 -Generating unique operation named: editUsingPOST_1
2019-04-30 20:28:11 -Generating unique operation named: editUsingPUT_1
2019-04-30 20:28:11 -Generating unique operation named: editUsingPATCH_1
2019-04-30 20:28:11 -Generating unique operation named: editUsingDELETE_1
2019-04-30 20:28:11 -Generating unique operation named: editUsingOPTIONS_1
2019-04-30 20:28:11 -Generating unique operation named: editUsingTRACE_1
2019-04-30 20:28:11 -Generating unique operation named: listUsingGET_3
2019-04-30 20:28:11 -Generating unique operation named: listUsingHEAD_3
2019-04-30 20:28:12 -Generating unique operation named: listUsingPOST_3
2019-04-30 20:28:12 -Generating unique operation named: listUsingPUT_3
2019-04-30 20:28:12 -Generating unique operation named: listUsingPATCH_3
2019-04-30 20:28:12 -Generating unique operation named: listUsingDELETE_3
2019-04-30 20:28:12 -Generating unique operation named: listUsingOPTIONS_3
2019-04-30 20:28:12 -Generating unique operation named: listUsingTRACE_3
2019-04-30 20:28:12 -Generating unique operation named: listUsingGET_4
2019-04-30 20:28:12 -Generating unique operation named: listUsingHEAD_4
2019-04-30 20:28:12 -Generating unique operation named: listUsingPOST_4
2019-04-30 20:28:12 -Generating unique operation named: listUsingPUT_4
2019-04-30 20:28:12 -Generating unique operation named: listUsingPATCH_4
2019-04-30 20:28:12 -Generating unique operation named: listUsingDELETE_4
2019-04-30 20:28:12 -Generating unique operation named: listUsingOPTIONS_4
2019-04-30 20:28:12 -Generating unique operation named: listUsingTRACE_4
2019-04-30 20:28:12 -Generating unique operation named: addUsingGET_1
2019-04-30 20:28:12 -Generating unique operation named: deleteUsingPOST_3
2019-04-30 20:28:12 -Generating unique operation named: deleteUsingPOST_4
2019-04-30 20:28:12 -Generating unique operation named: saveUsingPOST_3
2019-04-30 20:28:12 -Generating unique operation named: updateUsingGET_3
2019-04-30 20:28:12 -Generating unique operation named: updateUsingHEAD_3
2019-04-30 20:28:12 -Generating unique operation named: updateUsingPOST_3
2019-04-30 20:28:12 -Generating unique operation named: updateUsingPUT_3
2019-04-30 20:28:12 -Generating unique operation named: updateUsingPATCH_3
2019-04-30 20:28:12 -Generating unique operation named: updateUsingDELETE_3
2019-04-30 20:28:12 -Generating unique operation named: updateUsingOPTIONS_3
2019-04-30 20:28:12 -Generating unique operation named: updateUsingTRACE_3
2019-04-30 20:28:12 -Generating unique operation named: editUsingGET_3
2019-04-30 20:28:12 -Generating unique operation named: listUsingGET_5
2019-04-30 20:28:12 -Generating unique operation named: updateUsingPOST_4
2019-04-30 20:28:12 -Generating unique operation named: addUsingGET_2
2019-04-30 20:28:12 -Generating unique operation named: editUsingGET_4
2019-04-30 20:28:12 -Generating unique operation named: infoUsingGET_1
2019-04-30 20:28:12 -Generating unique operation named: infoUsingHEAD_1
2019-04-30 20:28:12 -Generating unique operation named: infoUsingPOST_1
2019-04-30 20:28:12 -Generating unique operation named: infoUsingPUT_1
2019-04-30 20:28:12 -Generating unique operation named: infoUsingPATCH_1
2019-04-30 20:28:12 -Generating unique operation named: infoUsingDELETE_1
2019-04-30 20:28:12 -Generating unique operation named: infoUsingOPTIONS_1
2019-04-30 20:28:12 -Generating unique operation named: infoUsingTRACE_1
2019-04-30 20:28:12 -Generating unique operation named: removeUsingPOST_1
2019-04-30 20:28:12 -Generating unique operation named: saveUsingPOST_4
2019-04-30 20:28:12 -Generating unique operation named: updateUsingPOST_5
2019-04-30 20:28:12 -Generating unique operation named: ZTreeAllUsingGET_1
2019-04-30 20:28:12 -Generating unique operation named: batchDeleteUsingPOST_2
2019-04-30 20:28:12 -Generating unique operation named: deleteUsingPOST_5
2019-04-30 20:28:12 -Generating unique operation named: getUsingGET_2
2019-04-30 20:28:12 -Generating unique operation named: getUsingHEAD_2
2019-04-30 20:28:12 -Generating unique operation named: getUsingPOST_2
2019-04-30 20:28:12 -Generating unique operation named: getUsingPUT_2
2019-04-30 20:28:12 -Generating unique operation named: getUsingPATCH_2
2019-04-30 20:28:12 -Generating unique operation named: getUsingDELETE_2
2019-04-30 20:28:12 -Generating unique operation named: getUsingOPTIONS_2
2019-04-30 20:28:12 -Generating unique operation named: getUsingTRACE_2
2019-04-30 20:28:12 -Generating unique operation named: getAllUsingGET_2
2019-04-30 20:28:12 -Generating unique operation named: getAllUsingHEAD_2
2019-04-30 20:28:12 -Generating unique operation named: getAllUsingPOST_2
2019-04-30 20:28:12 -Generating unique operation named: getAllUsingPUT_2
2019-04-30 20:28:12 -Generating unique operation named: getAllUsingPATCH_2
2019-04-30 20:28:12 -Generating unique operation named: getAllUsingDELETE_2
2019-04-30 20:28:12 -Generating unique operation named: getAllUsingOPTIONS_2
2019-04-30 20:28:12 -Generating unique operation named: getAllUsingTRACE_2
2019-04-30 20:28:12 -Generating unique operation named: listUsingGET_6
2019-04-30 20:28:12 -Generating unique operation named: listUsingHEAD_5
2019-04-30 20:28:12 -Generating unique operation named: listUsingPOST_5
2019-04-30 20:28:12 -Generating unique operation named: listUsingPUT_5
2019-04-30 20:28:12 -Generating unique operation named: listUsingPATCH_5
2019-04-30 20:28:12 -Generating unique operation named: listUsingDELETE_5
2019-04-30 20:28:12 -Generating unique operation named: listUsingOPTIONS_5
2019-04-30 20:28:12 -Generating unique operation named: listUsingTRACE_5
2019-04-30 20:28:12 -Generating unique operation named: saveUsingPOST_5
2019-04-30 20:28:12 -Generating unique operation named: treeUsingGET_1
2019-04-30 20:28:12 -Generating unique operation named: updateUsingGET_4
2019-04-30 20:28:12 -Generating unique operation named: updateUsingHEAD_4
2019-04-30 20:28:12 -Generating unique operation named: updateUsingPOST_6
2019-04-30 20:28:12 -Generating unique operation named: updateUsingPUT_4
2019-04-30 20:28:12 -Generating unique operation named: updateUsingPATCH_4
2019-04-30 20:28:12 -Generating unique operation named: updateUsingDELETE_4
2019-04-30 20:28:12 -Generating unique operation named: updateUsingOPTIONS_4
2019-04-30 20:28:12 -Generating unique operation named: updateUsingTRACE_4
2019-04-30 20:28:12 -Generating unique operation named: exportExcelUsingGET_1
2019-04-30 20:28:12 -Generating unique operation named: exportExcelUsingHEAD_1
2019-04-30 20:28:12 -Generating unique operation named: exportExcelUsingPOST_1
2019-04-30 20:28:12 -Generating unique operation named: exportExcelUsingPUT_1
2019-04-30 20:28:12 -Generating unique operation named: exportExcelUsingPATCH_1
2019-04-30 20:28:12 -Generating unique operation named: exportExcelUsingDELETE_1
2019-04-30 20:28:12 -Generating unique operation named: exportExcelUsingOPTIONS_1
2019-04-30 20:28:12 -Generating unique operation named: exportExcelUsingTRACE_1
2019-04-30 20:28:12 -Generating unique operation named: getUsingGET_3
2019-04-30 20:28:12 -Generating unique operation named: getUsingHEAD_3
2019-04-30 20:28:12 -Generating unique operation named: getUsingPOST_3
2019-04-30 20:28:12 -Generating unique operation named: getUsingPUT_3
2019-04-30 20:28:12 -Generating unique operation named: getUsingPATCH_3
2019-04-30 20:28:12 -Generating unique operation named: getUsingDELETE_3
2019-04-30 20:28:12 -Generating unique operation named: getUsingOPTIONS_3
2019-04-30 20:28:12 -Generating unique operation named: getUsingTRACE_3
2019-04-30 20:28:12 -Generating unique operation named: getAllUsingGET_3
2019-04-30 20:28:12 -Generating unique operation named: getAllUsingHEAD_3
2019-04-30 20:28:12 -Generating unique operation named: getAllUsingPOST_3
2019-04-30 20:28:12 -Generating unique operation named: getAllUsingPUT_3
2019-04-30 20:28:12 -Generating unique operation named: getAllUsingPATCH_3
2019-04-30 20:28:12 -Generating unique operation named: getAllUsingDELETE_3
2019-04-30 20:28:12 -Generating unique operation named: getAllUsingOPTIONS_3
2019-04-30 20:28:12 -Generating unique operation named: getAllUsingTRACE_3
2019-04-30 20:28:12 -Generating unique operation named: listUsingGET_7
2019-04-30 20:28:12 -Generating unique operation named: listUsingHEAD_6
2019-04-30 20:28:12 -Generating unique operation named: listUsingPOST_6
2019-04-30 20:28:12 -Generating unique operation named: listUsingPUT_6
2019-04-30 20:28:12 -Generating unique operation named: listUsingPATCH_6
2019-04-30 20:28:12 -Generating unique operation named: listUsingDELETE_6
2019-04-30 20:28:12 -Generating unique operation named: listUsingOPTIONS_6
2019-04-30 20:28:12 -Generating unique operation named: listUsingTRACE_6
2019-04-30 20:28:12 -Generating unique operation named: queryByQUsingGET_1
2019-04-30 20:28:12 -Generating unique operation named: queryByQUsingHEAD_1
2019-04-30 20:28:12 -Generating unique operation named: queryByQUsingPOST_1
2019-04-30 20:28:12 -Generating unique operation named: queryByQUsingPUT_1
2019-04-30 20:28:12 -Generating unique operation named: queryByQUsingPATCH_1
2019-04-30 20:28:12 -Generating unique operation named: queryByQUsingDELETE_1
2019-04-30 20:28:12 -Generating unique operation named: queryByQUsingOPTIONS_1
2019-04-30 20:28:12 -Generating unique operation named: queryByQUsingTRACE_1
2019-04-30 20:28:12 -Generating unique operation named: saveUsingPOST_6
2019-04-30 20:28:12 -Generating unique operation named: updateUsingPOST_7
2019-04-30 20:28:12 -Generating unique operation named: listUsingGET_8
2019-04-30 20:28:12 -Generating unique operation named: listUsingHEAD_7
2019-04-30 20:28:12 -Generating unique operation named: listUsingPOST_7
2019-04-30 20:28:12 -Generating unique operation named: listUsingPUT_7
2019-04-30 20:28:12 -Generating unique operation named: listUsingPATCH_7
2019-04-30 20:28:12 -Generating unique operation named: listUsingDELETE_7
2019-04-30 20:28:12 -Generating unique operation named: listUsingOPTIONS_7
2019-04-30 20:28:12 -Generating unique operation named: listUsingTRACE_7
2019-04-30 20:28:12 -Generating unique operation named: getUsingGET_4
2019-04-30 20:28:12 -Generating unique operation named: getUsingHEAD_4
2019-04-30 20:28:12 -Generating unique operation named: getUsingPOST_4
2019-04-30 20:28:12 -Generating unique operation named: getUsingPUT_4
2019-04-30 20:28:12 -Generating unique operation named: getUsingPATCH_4
2019-04-30 20:28:12 -Generating unique operation named: getUsingDELETE_4
2019-04-30 20:28:12 -Generating unique operation named: getUsingOPTIONS_4
2019-04-30 20:28:12 -Generating unique operation named: getUsingTRACE_4
2019-04-30 20:28:13 -Generating unique operation named: saveUsingPOST_7
2019-04-30 20:28:13 -Generating unique operation named: updateUsingPOST_8
2019-04-30 20:28:13 -Generating unique operation named: editUsingGET_5
2019-04-30 20:28:13 -Generating unique operation named: editUsingHEAD_2
2019-04-30 20:28:13 -Generating unique operation named: editUsingPOST_2
2019-04-30 20:28:13 -Generating unique operation named: editUsingPUT_2
2019-04-30 20:28:13 -Generating unique operation named: editUsingPATCH_2
2019-04-30 20:28:13 -Generating unique operation named: editUsingDELETE_2
2019-04-30 20:28:13 -Generating unique operation named: editUsingOPTIONS_2
2019-04-30 20:28:13 -Generating unique operation named: editUsingTRACE_2
2019-04-30 20:28:13 -Generating unique operation named: listUsingGET_9
2019-04-30 20:28:13 -Generating unique operation named: listUsingHEAD_8
2019-04-30 20:28:13 -Generating unique operation named: listUsingPOST_8
2019-04-30 20:28:13 -Generating unique operation named: listUsingPUT_8
2019-04-30 20:28:13 -Generating unique operation named: listUsingPATCH_8
2019-04-30 20:28:13 -Generating unique operation named: listUsingDELETE_8
2019-04-30 20:28:13 -Generating unique operation named: listUsingOPTIONS_8
2019-04-30 20:28:13 -Generating unique operation named: listUsingTRACE_8
2019-04-30 20:28:13 -Generating unique operation named: editUsingGET_6
2019-04-30 20:28:13 -Generating unique operation named: editUsingHEAD_3
2019-04-30 20:28:13 -Generating unique operation named: editUsingPOST_3
2019-04-30 20:28:13 -Generating unique operation named: editUsingPUT_3
2019-04-30 20:28:13 -Generating unique operation named: editUsingPATCH_3
2019-04-30 20:28:13 -Generating unique operation named: editUsingDELETE_3
2019-04-30 20:28:13 -Generating unique operation named: editUsingOPTIONS_3
2019-04-30 20:28:13 -Generating unique operation named: editUsingTRACE_3
2019-04-30 20:28:13 -Generating unique operation named: listUsingGET_10
2019-04-30 20:28:13 -Generating unique operation named: listUsingHEAD_9
2019-04-30 20:28:13 -Generating unique operation named: listUsingPOST_9
2019-04-30 20:28:13 -Generating unique operation named: listUsingPUT_9
2019-04-30 20:28:13 -Generating unique operation named: listUsingPATCH_9
2019-04-30 20:28:13 -Generating unique operation named: listUsingDELETE_9
2019-04-30 20:28:13 -Generating unique operation named: listUsingOPTIONS_9
2019-04-30 20:28:13 -Generating unique operation named: listUsingTRACE_9
2019-04-30 20:28:13 -Generating unique operation named: editUsingGET_7
2019-04-30 20:28:13 -Generating unique operation named: editUsingHEAD_4
2019-04-30 20:28:13 -Generating unique operation named: editUsingPOST_4
2019-04-30 20:28:13 -Generating unique operation named: editUsingPUT_4
2019-04-30 20:28:13 -Generating unique operation named: editUsingPATCH_4
2019-04-30 20:28:13 -Generating unique operation named: editUsingDELETE_4
2019-04-30 20:28:13 -Generating unique operation named: editUsingOPTIONS_4
2019-04-30 20:28:13 -Generating unique operation named: editUsingTRACE_4
2019-04-30 20:28:13 -Generating unique operation named: listUsingGET_11
2019-04-30 20:28:13 -Generating unique operation named: listUsingHEAD_10
2019-04-30 20:28:13 -Generating unique operation named: listUsingPOST_10
2019-04-30 20:28:13 -Generating unique operation named: listUsingPUT_10
2019-04-30 20:28:13 -Generating unique operation named: listUsingPATCH_10
2019-04-30 20:28:13 -Generating unique operation named: listUsingDELETE_10
2019-04-30 20:28:13 -Generating unique operation named: listUsingOPTIONS_10
2019-04-30 20:28:13 -Generating unique operation named: listUsingTRACE_10
2019-04-30 20:28:13 -Generating unique operation named: editUsingGET_8
2019-04-30 20:28:13 -Generating unique operation named: editUsingHEAD_5
2019-04-30 20:28:13 -Generating unique operation named: editUsingPOST_5
2019-04-30 20:28:13 -Generating unique operation named: editUsingPUT_5
2019-04-30 20:28:13 -Generating unique operation named: editUsingPATCH_5
2019-04-30 20:28:13 -Generating unique operation named: editUsingDELETE_5
2019-04-30 20:28:13 -Generating unique operation named: editUsingOPTIONS_5
2019-04-30 20:28:13 -Generating unique operation named: editUsingTRACE_5
2019-04-30 20:28:13 -Generating unique operation named: listUsingGET_12
2019-04-30 20:28:13 -Generating unique operation named: listUsingHEAD_11
2019-04-30 20:28:13 -Generating unique operation named: listUsingPOST_11
2019-04-30 20:28:13 -Generating unique operation named: listUsingPUT_11
2019-04-30 20:28:13 -Generating unique operation named: listUsingPATCH_11
2019-04-30 20:28:13 -Generating unique operation named: listUsingDELETE_11
2019-04-30 20:28:13 -Generating unique operation named: listUsingOPTIONS_11
2019-04-30 20:28:13 -Generating unique operation named: listUsingTRACE_11
2019-04-30 20:28:13 -Generating unique operation named: batchDeleteUsingPOST_3
2019-04-30 20:28:13 -Generating unique operation named: batchRemoveUsingGET_2
2019-04-30 20:28:13 -Generating unique operation named: batchRemoveUsingHEAD_2
2019-04-30 20:28:13 -Generating unique operation named: batchRemoveUsingPOST_2
2019-04-30 20:28:13 -Generating unique operation named: batchRemoveUsingPUT_2
2019-04-30 20:28:13 -Generating unique operation named: batchRemoveUsingPATCH_2
2019-04-30 20:28:13 -Generating unique operation named: batchRemoveUsingDELETE_2
2019-04-30 20:28:13 -Generating unique operation named: batchRemoveUsingOPTIONS_2
2019-04-30 20:28:13 -Generating unique operation named: batchRemoveUsingTRACE_2
2019-04-30 20:28:13 -Generating unique operation named: deleteUsingPOST_6
2019-04-30 20:28:13 -Generating unique operation named: getUsingGET_5
2019-04-30 20:28:13 -Generating unique operation named: getUsingHEAD_5
2019-04-30 20:28:13 -Generating unique operation named: getUsingPOST_5
2019-04-30 20:28:13 -Generating unique operation named: getUsingPUT_5
2019-04-30 20:28:13 -Generating unique operation named: getUsingPATCH_5
2019-04-30 20:28:13 -Generating unique operation named: getUsingDELETE_5
2019-04-30 20:28:13 -Generating unique operation named: getUsingOPTIONS_5
2019-04-30 20:28:13 -Generating unique operation named: getUsingTRACE_5
2019-04-30 20:28:13 -Generating unique operation named: getAllUsingGET_4
2019-04-30 20:28:13 -Generating unique operation named: getAllUsingHEAD_4
2019-04-30 20:28:13 -Generating unique operation named: getAllUsingPOST_4
2019-04-30 20:28:13 -Generating unique operation named: getAllUsingPUT_4
2019-04-30 20:28:13 -Generating unique operation named: getAllUsingPATCH_4
2019-04-30 20:28:13 -Generating unique operation named: getAllUsingDELETE_4
2019-04-30 20:28:13 -Generating unique operation named: getAllUsingOPTIONS_4
2019-04-30 20:28:13 -Generating unique operation named: getAllUsingTRACE_4
2019-04-30 20:28:13 -Generating unique operation named: listUsingGET_13
2019-04-30 20:28:13 -Generating unique operation named: listUsingHEAD_12
2019-04-30 20:28:13 -Generating unique operation named: listUsingPOST_12
2019-04-30 20:28:13 -Generating unique operation named: listUsingPUT_12
2019-04-30 20:28:13 -Generating unique operation named: listUsingPATCH_12
2019-04-30 20:28:13 -Generating unique operation named: listUsingDELETE_12
2019-04-30 20:28:13 -Generating unique operation named: listUsingOPTIONS_12
2019-04-30 20:28:13 -Generating unique operation named: listUsingTRACE_12
2019-04-30 20:28:13 -Generating unique operation named: queryByQUsingGET_2
2019-04-30 20:28:13 -Generating unique operation named: queryByQUsingHEAD_2
2019-04-30 20:28:13 -Generating unique operation named: queryByQUsingPOST_2
2019-04-30 20:28:13 -Generating unique operation named: queryByQUsingPUT_2
2019-04-30 20:28:13 -Generating unique operation named: queryByQUsingPATCH_2
2019-04-30 20:28:13 -Generating unique operation named: queryByQUsingDELETE_2
2019-04-30 20:28:13 -Generating unique operation named: queryByQUsingOPTIONS_2
2019-04-30 20:28:13 -Generating unique operation named: queryByQUsingTRACE_2
2019-04-30 20:28:13 -Generating unique operation named: saveUsingPOST_8
2019-04-30 20:28:13 -Generating unique operation named: updateUsingGET_5
2019-04-30 20:28:13 -Generating unique operation named: updateUsingHEAD_5
2019-04-30 20:28:13 -Generating unique operation named: updateUsingPOST_9
2019-04-30 20:28:13 -Generating unique operation named: updateUsingPUT_5
2019-04-30 20:28:13 -Generating unique operation named: updateUsingPATCH_5
2019-04-30 20:28:13 -Generating unique operation named: updateUsingDELETE_5
2019-04-30 20:28:13 -Generating unique operation named: updateUsingOPTIONS_5
2019-04-30 20:28:13 -Generating unique operation named: updateUsingTRACE_5
2019-04-30 20:28:13 -Starting Quartz Scheduler now
2019-04-30 20:28:13 -Scheduler schedulerFactoryBean_$_NON_CLUSTERED started.
2019-04-30 20:28:13 -Starting ProtocolHandler ["http-nio-80"]
2019-04-30 20:28:13 -Tomcat started on port(s): 80 (http) with context path ''
2019-04-30 20:28:13 -Started SbadminApplication in 21.446 seconds (JVM running for 23.967)
2019-04-30 20:28:13 -==>  Preparing: SELECT count(0) FROM sys_task 
2019-04-30 20:28:13 -==> Parameters: 
2019-04-30 20:28:13 -<==      Total: 1
2019-04-30 20:28:13 -==>  Preparing: SELECT id,cron_expression,method_name,is_concurrent,description,update_by,bean_class,create_date,job_status,job_group,update_date,create_by,spring_bean,job_name FROM sys_task LIMIT ? 
2019-04-30 20:28:13 -==> Parameters: 9999(Integer)
2019-04-30 20:28:13 -<==      Total: 1
2019-04-30 20:28:48 -Initializing Spring DispatcherServlet 'dispatcherServlet'
2019-04-30 20:28:48 -Initializing Servlet 'dispatcherServlet'
2019-04-30 20:28:48 -Completed initialization in 56 ms
2019-04-30 20:28:48 -Enabling session validation scheduler...
2019-04-30 20:28:48 -请求地址 : http://localhost/login/user
2019-04-30 20:28:48 -HTTP METHOD : GET
2019-04-30 20:28:48 -CLASS_METHOD : cn.edu.ctbu.sbadmin.system.controller.LoginController.User
2019-04-30 20:28:48 -参数 : []
2019-04-30 20:28:48 -耗时 : 24
2019-04-30 20:28:48 -返回值 : login/user
2019-04-30 20:28:49 -请求地址 : http://localhost/login/getVerify
2019-04-30 20:28:49 -HTTP METHOD : GET
2019-04-30 20:28:49 -CLASS_METHOD : cn.edu.ctbu.sbadmin.system.controller.LoginController.getVerify
2019-04-30 20:28:49 -参数 : [org.apache.shiro.web.servlet.ShiroHttpServletRequest@6c08fabe, org.apache.shiro.web.servlet.ShiroHttpServletResponse@5927e501]
2019-04-30 20:28:49 -请求地址 : http://localhost/login/user;JSESSIONID=75d4ddb4-3411-42f6-9e5f-9caa8fc2a535
2019-04-30 20:28:49 -HTTP METHOD : GET
2019-04-30 20:28:49 -CLASS_METHOD : cn.edu.ctbu.sbadmin.system.controller.LoginController.User
2019-04-30 20:28:49 -参数 : []
2019-04-30 20:28:49 -耗时 : 0
2019-04-30 20:28:49 -返回值 : login/user
2019-04-30 20:28:50 -6342
2019-04-30 20:28:50 -耗时 : 679
2019-04-30 20:28:50 -返回值 : null
2019-04-30 20:28:58 -==>  Preparing: SELECT id,username,truename,password,dept_id,email,mobile,status,user_id_create,gmt_create,gmt_modified,sex,birth,img_url,live_address,hobby,province,city,district,is_deleted,gmt_delete,delete_userid,introduce,img,memo,role_name,role_ids,home_url,manager_id,manager_name,other_password,wxids,wxname FROM sys_user WHERE ( ( username = ? ) ) 
2019-04-30 20:28:58 -==> Parameters: zhangsan(String)
2019-04-30 20:28:58 -<==      Total: 0
2019-04-30 20:28:58 -Authentication failed for token submission [org.apache.shiro.authc.UsernamePasswordToken - zhangsan, rememberMe=false].  Possible unexpected error? (Typical or expected login exceptions should extend from AuthenticationException).
java.lang.IndexOutOfBoundsException: Index: 0, Size: 0
	at java.util.ArrayList.rangeCheck(ArrayList.java:657)
	at java.util.ArrayList.get(ArrayList.java:433)
	at cn.edu.ctbu.sbadmin.system.shiro.UserRealm.doGetAuthenticationInfo(UserRealm.java:45)
	at org.apache.shiro.realm.AuthenticatingRealm.getAuthenticationInfo(AuthenticatingRealm.java:568)
	at org.apache.shiro.authc.pam.ModularRealmAuthenticator.doSingleRealmAuthentication(ModularRealmAuthenticator.java:180)
	at org.apache.shiro.authc.pam.ModularRealmAuthenticator.doAuthenticate(ModularRealmAuthenticator.java:267)
	at org.apache.shiro.authc.AbstractAuthenticator.authenticate(AbstractAuthenticator.java:198)
	at org.apache.shiro.mgt.AuthenticatingSecurityManager.authenticate(AuthenticatingSecurityManager.java:106)
	at org.apache.shiro.mgt.DefaultSecurityManager.login(DefaultSecurityManager.java:270)
	at org.apache.shiro.subject.support.DelegatingSubject.login(DelegatingSubject.java:256)
	at cn.edu.ctbu.sbadmin.system.webapi.LoginRestController.validateUser(LoginRestController.java:46)
	at sun.reflect.NativeMethodAccessorImpl.invoke0(Native Method)
	at sun.reflect.NativeMethodAccessorImpl.invoke(NativeMethodAccessorImpl.java:62)
	at sun.reflect.DelegatingMethodAccessorImpl.invoke(DelegatingMethodAccessorImpl.java:43)
	at java.lang.reflect.Method.invoke(Method.java:498)
	at org.springframework.web.method.support.InvocableHandlerMethod.doInvoke(InvocableHandlerMethod.java:189)
	at org.springframework.web.method.support.InvocableHandlerMethod.invokeForRequest(InvocableHandlerMethod.java:138)
	at org.springframework.web.servlet.mvc.method.annotation.ServletInvocableHandlerMethod.invokeAndHandle(ServletInvocableHandlerMethod.java:102)
	at org.springframework.web.servlet.mvc.method.annotation.RequestMappingHandlerAdapter.invokeHandlerMethod(RequestMappingHandlerAdapter.java:895)
	at org.springframework.web.servlet.mvc.method.annotation.RequestMappingHandlerAdapter.handleInternal(RequestMappingHandlerAdapter.java:800)
	at org.springframework.web.servlet.mvc.method.AbstractHandlerMethodAdapter.handle(AbstractHandlerMethodAdapter.java:87)
	at org.springframework.web.servlet.DispatcherServlet.doDispatch(DispatcherServlet.java:1038)
	at org.springframework.web.servlet.DispatcherServlet.doService(DispatcherServlet.java:942)
	at org.springframework.web.servlet.FrameworkServlet.processRequest(FrameworkServlet.java:1005)
	at org.springframework.web.servlet.FrameworkServlet.doPost(FrameworkServlet.java:908)
	at javax.servlet.http.HttpServlet.service(HttpServlet.java:660)
	at org.springframework.web.servlet.FrameworkServlet.service(FrameworkServlet.java:882)
	at javax.servlet.http.HttpServlet.service(HttpServlet.java:741)
	at org.apache.catalina.core.ApplicationFilterChain.internalDoFilter(ApplicationFilterChain.java:231)
	at org.apache.catalina.core.ApplicationFilterChain.doFilter(ApplicationFilterChain.java:166)
	at org.apache.tomcat.websocket.server.WsFilter.doFilter(WsFilter.java:53)
	at org.apache.catalina.core.ApplicationFilterChain.internalDoFilter(ApplicationFilterChain.java:193)
	at org.apache.catalina.core.ApplicationFilterChain.doFilter(ApplicationFilterChain.java:166)
	at org.apache.shiro.web.servlet.ProxiedFilterChain.doFilter(ProxiedFilterChain.java:61)
	at org.apache.shiro.web.servlet.AdviceFilter.executeChain(AdviceFilter.java:108)
	at org.apache.shiro.web.servlet.AdviceFilter.doFilterInternal(AdviceFilter.java:137)
	at org.apache.shiro.web.servlet.OncePerRequestFilter.doFilter(OncePerRequestFilter.java:125)
	at org.apache.shiro.web.servlet.ProxiedFilterChain.doFilter(ProxiedFilterChain.java:66)
	at org.apache.shiro.web.servlet.AbstractShiroFilter.executeChain(AbstractShiroFilter.java:449)
	at org.apache.shiro.web.servlet.AbstractShiroFilter$1.call(AbstractShiroFilter.java:365)
	at org.apache.shiro.subject.support.SubjectCallable.doCall(SubjectCallable.java:90)
	at org.apache.shiro.subject.support.SubjectCallable.call(SubjectCallable.java:83)
	at org.apache.shiro.subject.support.DelegatingSubject.execute(DelegatingSubject.java:383)
	at org.apache.shiro.web.servlet.AbstractShiroFilter.doFilterInternal(AbstractShiroFilter.java:362)
	at org.apache.shiro.web.servlet.OncePerRequestFilter.doFilter(OncePerRequestFilter.java:125)
	at org.apache.catalina.core.ApplicationFilterChain.internalDoFilter(ApplicationFilterChain.java:193)
	at org.apache.catalina.core.ApplicationFilterChain.doFilter(ApplicationFilterChain.java:166)
	at com.alibaba.druid.support.http.WebStatFilter.doFilter(WebStatFilter.java:123)
	at org.apache.catalina.core.ApplicationFilterChain.internalDoFilter(ApplicationFilterChain.java:193)
	at org.apache.catalina.core.ApplicationFilterChain.doFilter(ApplicationFilterChain.java:166)
	at org.springframework.web.filter.RequestContextFilter.doFilterInternal(RequestContextFilter.java:99)
	at org.springframework.web.filter.OncePerRequestFilter.doFilter(OncePerRequestFilter.java:107)
	at org.apache.catalina.core.ApplicationFilterChain.internalDoFilter(ApplicationFilterChain.java:193)
	at org.apache.catalina.core.ApplicationFilterChain.doFilter(ApplicationFilterChain.java:166)
	at org.springframework.web.filter.FormContentFilter.doFilterInternal(FormContentFilter.java:92)
	at org.springframework.web.filter.OncePerRequestFilter.doFilter(OncePerRequestFilter.java:107)
	at org.apache.catalina.core.ApplicationFilterChain.internalDoFilter(ApplicationFilterChain.java:193)
	at org.apache.catalina.core.ApplicationFilterChain.doFilter(ApplicationFilterChain.java:166)
	at org.springframework.web.filter.HiddenHttpMethodFilter.doFilterInternal(HiddenHttpMethodFilter.java:93)
	at org.springframework.web.filter.OncePerRequestFilter.doFilter(OncePerRequestFilter.java:107)
	at org.apache.catalina.core.ApplicationFilterChain.internalDoFilter(ApplicationFilterChain.java:193)
	at org.apache.catalina.core.ApplicationFilterChain.doFilter(ApplicationFilterChain.java:166)
	at org.springframework.web.filter.CharacterEncodingFilter.doFilterInternal(CharacterEncodingFilter.java:200)
	at org.springframework.web.filter.OncePerRequestFilter.doFilter(OncePerRequestFilter.java:107)
	at org.apache.catalina.core.ApplicationFilterChain.internalDoFilter(ApplicationFilterChain.java:193)
	at org.apache.catalina.core.ApplicationFilterChain.doFilter(ApplicationFilterChain.java:166)
	at org.apache.catalina.core.StandardWrapperValve.invoke(StandardWrapperValve.java:200)
	at org.apache.catalina.core.StandardContextValve.invoke(StandardContextValve.java:96)
	at org.apache.catalina.authenticator.AuthenticatorBase.invoke(AuthenticatorBase.java:490)
	at org.apache.catalina.core.StandardHostValve.invoke(StandardHostValve.java:139)
	at org.apache.catalina.valves.ErrorReportValve.invoke(ErrorReportValve.java:92)
	at org.apache.catalina.core.StandardEngineValve.invoke(StandardEngineValve.java:74)
	at org.apache.catalina.connector.CoyoteAdapter.service(CoyoteAdapter.java:343)
	at org.apache.coyote.http11.Http11Processor.service(Http11Processor.java:408)
	at org.apache.coyote.AbstractProcessorLight.process(AbstractProcessorLight.java:66)
	at org.apache.coyote.AbstractProtocol$ConnectionHandler.process(AbstractProtocol.java:834)
	at org.apache.tomcat.util.net.NioEndpoint$SocketProcessor.doRun(NioEndpoint.java:1415)
	at org.apache.tomcat.util.net.SocketProcessorBase.run(SocketProcessorBase.java:49)
	at java.util.concurrent.ThreadPoolExecutor.runWorker(ThreadPoolExecutor.java:1149)
	at java.util.concurrent.ThreadPoolExecutor$Worker.run(ThreadPoolExecutor.java:624)
	at org.apache.tomcat.util.threads.TaskThread$WrappingRunnable.run(TaskThread.java:61)
	at java.lang.Thread.run(Thread.java:748)
2019-04-30 20:28:59 -请求地址 : http://localhost/login/getVerify
2019-04-30 20:28:59 -HTTP METHOD : GET
2019-04-30 20:28:59 -CLASS_METHOD : cn.edu.ctbu.sbadmin.system.controller.LoginController.getVerify
2019-04-30 20:28:59 -参数 : [org.apache.shiro.web.servlet.ShiroHttpServletRequest@517e688, org.apache.shiro.web.servlet.ShiroHttpServletResponse@2704ac4f]
2019-04-30 20:28:59 -0683
2019-04-30 20:28:59 -耗时 : 60
2019-04-30 20:28:59 -返回值 : null
2019-04-30 20:29:40 -==>  Preparing: SELECT id,username,truename,password,dept_id,email,mobile,status,user_id_create,gmt_create,gmt_modified,sex,birth,img_url,live_address,hobby,province,city,district,is_deleted,gmt_delete,delete_userid,introduce,img,memo,role_name,role_ids,home_url,manager_id,manager_name,other_password,wxids,wxname FROM sys_user WHERE ( ( username = ? ) ) 
2019-04-30 20:29:40 -==> Parameters: admin(String)
2019-04-30 20:29:40 -<==      Total: 1
2019-04-30 20:29:41 -请求地址 : http://localhost/login/getVerify
2019-04-30 20:29:41 -HTTP METHOD : GET
2019-04-30 20:29:41 -CLASS_METHOD : cn.edu.ctbu.sbadmin.system.controller.LoginController.getVerify
2019-04-30 20:29:41 -参数 : [org.apache.shiro.web.servlet.ShiroHttpServletRequest@66506c3e, org.apache.shiro.web.servlet.ShiroHttpServletResponse@626ff42c]
2019-04-30 20:29:41 -6451
2019-04-30 20:29:41 -耗时 : 52
2019-04-30 20:29:41 -返回值 : null
2019-04-30 20:29:47 -==>  Preparing: SELECT id,username,truename,password,dept_id,email,mobile,status,user_id_create,gmt_create,gmt_modified,sex,birth,img_url,live_address,hobby,province,city,district,is_deleted,gmt_delete,delete_userid,introduce,img,memo,role_name,role_ids,home_url,manager_id,manager_name,other_password,wxids,wxname FROM sys_user WHERE ( ( username = ? ) ) 
2019-04-30 20:29:47 -==> Parameters: admin(String)
2019-04-30 20:29:47 -<==      Total: 1
2019-04-30 20:29:47 -请求地址 : http://localhost/system/index
2019-04-30 20:29:47 -HTTP METHOD : GET
2019-04-30 20:29:47 -CLASS_METHOD : cn.edu.ctbu.sbadmin.system.controller.SystemController.Index
2019-04-30 20:29:47 -参数 : [{}]
2019-04-30 20:29:47 -==>  Preparing: SELECT id,username,truename,password,dept_id,email,mobile,status,user_id_create,gmt_create,gmt_modified,sex,birth,img_url,live_address,hobby,province,city,district,is_deleted,gmt_delete,delete_userid,introduce,img,memo,role_name,role_ids,home_url,manager_id,manager_name,other_password,wxids,wxname FROM sys_user WHERE id = ? 
2019-04-30 20:29:47 -==> Parameters: 1(Long)
2019-04-30 20:29:47 -<==      Total: 1
2019-04-30 20:29:47 -==>  Preparing: select menu_id from sys_role_menu WHERE role_id = ? 
2019-04-30 20:29:47 -==> Parameters: 1(Integer)
2019-04-30 20:29:47 -<==      Total: 48
2019-04-30 20:29:47 -==>  Preparing: SELECT id,parent_id,name,url,perms,type,icon,order_num,gmt_create,gmt_modified,is_deleted,gmt_delete,delete_userid,level FROM sys_menu WHERE id = ? 
2019-04-30 20:29:47 -==> Parameters: 57(Long)
2019-04-30 20:29:47 -<==      Total: 1
2019-04-30 20:29:47 -==>  Preparing: SELECT id,parent_id,name,url,perms,type,icon,order_num,gmt_create,gmt_modified,is_deleted,gmt_delete,delete_userid,level FROM sys_menu WHERE id = ? 
2019-04-30 20:29:47 -==> Parameters: 30(Long)
2019-04-30 20:29:47 -<==      Total: 1
2019-04-30 20:29:47 -==>  Preparing: SELECT id,parent_id,name,url,perms,type,icon,order_num,gmt_create,gmt_modified,is_deleted,gmt_delete,delete_userid,level FROM sys_menu WHERE id = ? 
2019-04-30 20:29:47 -==> Parameters: 29(Long)
2019-04-30 20:29:47 -<==      Total: 1
2019-04-30 20:29:47 -==>  Preparing: SELECT id,parent_id,name,url,perms,type,icon,order_num,gmt_create,gmt_modified,is_deleted,gmt_delete,delete_userid,level FROM sys_menu WHERE id = ? 
2019-04-30 20:29:47 -==> Parameters: 28(Long)
2019-04-30 20:29:47 -<==      Total: 1
2019-04-30 20:29:47 -==>  Preparing: SELECT id,parent_id,name,url,perms,type,icon,order_num,gmt_create,gmt_modified,is_deleted,gmt_delete,delete_userid,level FROM sys_menu WHERE id = ? 
2019-04-30 20:29:47 -==> Parameters: 129(Long)
2019-04-30 20:29:47 -<==      Total: 1
2019-04-30 20:29:47 -==>  Preparing: SELECT id,parent_id,name,url,perms,type,icon,order_num,gmt_create,gmt_modified,is_deleted,gmt_delete,delete_userid,level FROM sys_menu WHERE id = ? 
2019-04-30 20:29:47 -==> Parameters: 118(Long)
2019-04-30 20:29:47 -<==      Total: 1
2019-04-30 20:29:47 -==>  Preparing: SELECT id,parent_id,name,url,perms,type,icon,order_num,gmt_create,gmt_modified,is_deleted,gmt_delete,delete_userid,level FROM sys_menu WHERE id = ? 
2019-04-30 20:29:47 -==> Parameters: 117(Long)
2019-04-30 20:29:47 -<==      Total: 1
2019-04-30 20:29:47 -==>  Preparing: SELECT id,parent_id,name,url,perms,type,icon,order_num,gmt_create,gmt_modified,is_deleted,gmt_delete,delete_userid,level FROM sys_menu WHERE id = ? 
2019-04-30 20:29:47 -==> Parameters: 116(Long)
2019-04-30 20:29:47 -<==      Total: 1
2019-04-30 20:29:47 -==>  Preparing: SELECT id,parent_id,name,url,perms,type,icon,order_num,gmt_create,gmt_modified,is_deleted,gmt_delete,delete_userid,level FROM sys_menu WHERE id = ? 
2019-04-30 20:29:47 -==> Parameters: 27(Long)
2019-04-30 20:29:47 -<==      Total: 1
2019-04-30 20:29:47 -==>  Preparing: SELECT id,parent_id,name,url,perms,type,icon,order_num,gmt_create,gmt_modified,is_deleted,gmt_delete,delete_userid,level FROM sys_menu WHERE id = ? 
2019-04-30 20:29:47 -==> Parameters: 92(Long)
2019-04-30 20:29:47 -<==      Total: 1
2019-04-30 20:29:47 -==>  Preparing: SELECT id,parent_id,name,url,perms,type,icon,order_num,gmt_create,gmt_modified,is_deleted,gmt_delete,delete_userid,level FROM sys_menu WHERE id = ? 
2019-04-30 20:29:47 -==> Parameters: 91(Long)
2019-04-30 20:29:47 -<==      Total: 1
2019-04-30 20:29:47 -==>  Preparing: SELECT id,parent_id,name,url,perms,type,icon,order_num,gmt_create,gmt_modified,is_deleted,gmt_delete,delete_userid,level FROM sys_menu WHERE id = ? 
2019-04-30 20:29:47 -==> Parameters: 48(Long)
2019-04-30 20:29:47 -<==      Total: 0
2019-04-30 20:29:47 -==>  Preparing: SELECT id,parent_id,name,url,perms,type,icon,order_num,gmt_create,gmt_modified,is_deleted,gmt_delete,delete_userid,level FROM sys_menu WHERE id = ? 
2019-04-30 20:29:47 -==> Parameters: 104(Long)
2019-04-30 20:29:47 -<==      Total: 1
2019-04-30 20:29:47 -==>  Preparing: SELECT id,parent_id,name,url,perms,type,icon,order_num,gmt_create,gmt_modified,is_deleted,gmt_delete,delete_userid,level FROM sys_menu WHERE id = ? 
2019-04-30 20:29:47 -==> Parameters: 77(Long)
2019-04-30 20:29:47 -<==      Total: 1
2019-04-30 20:29:47 -==>  Preparing: SELECT id,parent_id,name,url,perms,type,icon,order_num,gmt_create,gmt_modified,is_deleted,gmt_delete,delete_userid,level FROM sys_menu WHERE id = ? 
2019-04-30 20:29:47 -==> Parameters: 124(Long)
2019-04-30 20:29:47 -<==      Total: 1
2019-04-30 20:29:47 -==>  Preparing: SELECT id,parent_id,name,url,perms,type,icon,order_num,gmt_create,gmt_modified,is_deleted,gmt_delete,delete_userid,level FROM sys_menu WHERE id = ? 
2019-04-30 20:29:47 -==> Parameters: 123(Long)
2019-04-30 20:29:47 -<==      Total: 1
2019-04-30 20:29:47 -==>  Preparing: SELECT id,parent_id,name,url,perms,type,icon,order_num,gmt_create,gmt_modified,is_deleted,gmt_delete,delete_userid,level FROM sys_menu WHERE id = ? 
2019-04-30 20:29:47 -==> Parameters: 122(Long)
2019-04-30 20:29:47 -<==      Total: 1
2019-04-30 20:29:47 -==>  Preparing: SELECT id,parent_id,name,url,perms,type,icon,order_num,gmt_create,gmt_modified,is_deleted,gmt_delete,delete_userid,level FROM sys_menu WHERE id = ? 
2019-04-30 20:29:47 -==> Parameters: 121(Long)
2019-04-30 20:29:47 -<==      Total: 1
2019-04-30 20:29:47 -==>  Preparing: SELECT id,parent_id,name,url,perms,type,icon,order_num,gmt_create,gmt_modified,is_deleted,gmt_delete,delete_userid,level FROM sys_menu WHERE id = ? 
2019-04-30 20:29:47 -==> Parameters: 120(Long)
2019-04-30 20:29:47 -<==      Total: 1
2019-04-30 20:29:47 -==>  Preparing: SELECT id,parent_id,name,url,perms,type,icon,order_num,gmt_create,gmt_modified,is_deleted,gmt_delete,delete_userid,level FROM sys_menu WHERE id = ? 
2019-04-30 20:29:47 -==> Parameters: 119(Long)
2019-04-30 20:29:47 -<==      Total: 1
2019-04-30 20:29:47 -==>  Preparing: SELECT id,parent_id,name,url,perms,type,icon,order_num,gmt_create,gmt_modified,is_deleted,gmt_delete,delete_userid,level FROM sys_menu WHERE id = ? 
2019-04-30 20:29:47 -==> Parameters: 76(Long)
2019-04-30 20:29:47 -<==      Total: 1
2019-04-30 20:29:47 -==>  Preparing: SELECT id,parent_id,name,url,perms,type,icon,order_num,gmt_create,gmt_modified,is_deleted,gmt_delete,delete_userid,level FROM sys_menu WHERE id = ? 
2019-04-30 20:29:47 -==> Parameters: 75(Long)
2019-04-30 20:29:47 -<==      Total: 1
2019-04-30 20:29:47 -==>  Preparing: SELECT id,parent_id,name,url,perms,type,icon,order_num,gmt_create,gmt_modified,is_deleted,gmt_delete,delete_userid,level FROM sys_menu WHERE id = ? 
2019-04-30 20:29:47 -==> Parameters: 74(Long)
2019-04-30 20:29:47 -<==      Total: 1
2019-04-30 20:29:47 -==>  Preparing: SELECT id,parent_id,name,url,perms,type,icon,order_num,gmt_create,gmt_modified,is_deleted,gmt_delete,delete_userid,level FROM sys_menu WHERE id = ? 
2019-04-30 20:29:47 -==> Parameters: 128(Long)
2019-04-30 20:29:47 -<==      Total: 1
2019-04-30 20:29:47 -==>  Preparing: SELECT id,parent_id,name,url,perms,type,icon,order_num,gmt_create,gmt_modified,is_deleted,gmt_delete,delete_userid,level FROM sys_menu WHERE id = ? 
2019-04-30 20:29:47 -==> Parameters: 112(Long)
2019-04-30 20:29:47 -<==      Total: 1
2019-04-30 20:29:47 -==>  Preparing: SELECT id,parent_id,name,url,perms,type,icon,order_num,gmt_create,gmt_modified,is_deleted,gmt_delete,delete_userid,level FROM sys_menu WHERE id = ? 
2019-04-30 20:29:47 -==> Parameters: 73(Long)
2019-04-30 20:29:47 -<==      Total: 1
2019-04-30 20:29:47 -==>  Preparing: SELECT id,parent_id,name,url,perms,type,icon,order_num,gmt_create,gmt_modified,is_deleted,gmt_delete,delete_userid,level FROM sys_menu WHERE id = ? 
2019-04-30 20:29:47 -==> Parameters: 22(Long)
2019-04-30 20:29:47 -<==      Total: 1
2019-04-30 20:29:47 -==>  Preparing: SELECT id,parent_id,name,url,perms,type,icon,order_num,gmt_create,gmt_modified,is_deleted,gmt_delete,delete_userid,level FROM sys_menu WHERE id = ? 
2019-04-30 20:29:47 -==> Parameters: 21(Long)
2019-04-30 20:29:47 -<==      Total: 1
2019-04-30 20:29:47 -==>  Preparing: SELECT id,parent_id,name,url,perms,type,icon,order_num,gmt_create,gmt_modified,is_deleted,gmt_delete,delete_userid,level FROM sys_menu WHERE id = ? 
2019-04-30 20:29:47 -==> Parameters: 20(Long)
2019-04-30 20:29:47 -<==      Total: 1
2019-04-30 20:29:47 -==>  Preparing: SELECT id,parent_id,name,url,perms,type,icon,order_num,gmt_create,gmt_modified,is_deleted,gmt_delete,delete_userid,level FROM sys_menu WHERE id = ? 
2019-04-30 20:29:47 -==> Parameters: 127(Long)
2019-04-30 20:29:47 -<==      Total: 1
2019-04-30 20:29:47 -==>  Preparing: SELECT id,parent_id,name,url,perms,type,icon,order_num,gmt_create,gmt_modified,is_deleted,gmt_delete,delete_userid,level FROM sys_menu WHERE id = ? 
2019-04-30 20:29:47 -==> Parameters: 61(Long)
2019-04-30 20:29:47 -<==      Total: 1
2019-04-30 20:29:47 -==>  Preparing: SELECT id,parent_id,name,url,perms,type,icon,order_num,gmt_create,gmt_modified,is_deleted,gmt_delete,delete_userid,level FROM sys_menu WHERE id = ? 
2019-04-30 20:29:47 -==> Parameters: 2(Long)
2019-04-30 20:29:47 -<==      Total: 1
2019-04-30 20:29:47 -==>  Preparing: SELECT id,parent_id,name,url,perms,type,icon,order_num,gmt_create,gmt_modified,is_deleted,gmt_delete,delete_userid,level FROM sys_menu WHERE id = ? 
2019-04-30 20:29:47 -==> Parameters: 15(Long)
2019-04-30 20:29:47 -<==      Total: 1
2019-04-30 20:29:47 -==>  Preparing: SELECT id,parent_id,name,url,perms,type,icon,order_num,gmt_create,gmt_modified,is_deleted,gmt_delete,delete_userid,level FROM sys_menu WHERE id = ? 
2019-04-30 20:29:47 -==> Parameters: 126(Long)
2019-04-30 20:29:47 -<==      Total: 1
2019-04-30 20:29:47 -==>  Preparing: SELECT id,parent_id,name,url,perms,type,icon,order_num,gmt_create,gmt_modified,is_deleted,gmt_delete,delete_userid,level FROM sys_menu WHERE id = ? 
2019-04-30 20:29:47 -==> Parameters: 62(Long)
2019-04-30 20:29:47 -<==      Total: 1
2019-04-30 20:29:47 -==>  Preparing: SELECT id,parent_id,name,url,perms,type,icon,order_num,gmt_create,gmt_modified,is_deleted,gmt_delete,delete_userid,level FROM sys_menu WHERE id = ? 
2019-04-30 20:29:47 -==> Parameters: 56(Long)
2019-04-30 20:29:47 -<==      Total: 1
2019-04-30 20:29:47 -==>  Preparing: SELECT id,parent_id,name,url,perms,type,icon,order_num,gmt_create,gmt_modified,is_deleted,gmt_delete,delete_userid,level FROM sys_menu WHERE id = ? 
2019-04-30 20:29:47 -==> Parameters: 55(Long)
2019-04-30 20:29:47 -<==      Total: 1
2019-04-30 20:29:47 -==>  Preparing: SELECT id,parent_id,name,url,perms,type,icon,order_num,gmt_create,gmt_modified,is_deleted,gmt_delete,delete_userid,level FROM sys_menu WHERE id = ? 
2019-04-30 20:29:47 -==> Parameters: 7(Long)
2019-04-30 20:29:47 -<==      Total: 1
2019-04-30 20:29:47 -==>  Preparing: SELECT id,parent_id,name,url,perms,type,icon,order_num,gmt_create,gmt_modified,is_deleted,gmt_delete,delete_userid,level FROM sys_menu WHERE id = ? 
2019-04-30 20:29:47 -==> Parameters: 26(Long)
2019-04-30 20:29:47 -<==      Total: 1
2019-04-30 20:29:47 -==>  Preparing: SELECT id,parent_id,name,url,perms,type,icon,order_num,gmt_create,gmt_modified,is_deleted,gmt_delete,delete_userid,level FROM sys_menu WHERE id = ? 
2019-04-30 20:29:47 -==> Parameters: 25(Long)
2019-04-30 20:29:47 -<==      Total: 1
2019-04-30 20:29:47 -==>  Preparing: SELECT id,parent_id,name,url,perms,type,icon,order_num,gmt_create,gmt_modified,is_deleted,gmt_delete,delete_userid,level FROM sys_menu WHERE id = ? 
2019-04-30 20:29:47 -==> Parameters: 24(Long)
2019-04-30 20:29:47 -<==      Total: 1
2019-04-30 20:29:47 -==>  Preparing: SELECT id,parent_id,name,url,perms,type,icon,order_num,gmt_create,gmt_modified,is_deleted,gmt_delete,delete_userid,level FROM sys_menu WHERE id = ? 
2019-04-30 20:29:47 -==> Parameters: 14(Long)
2019-04-30 20:29:47 -<==      Total: 1
2019-04-30 20:29:47 -==>  Preparing: SELECT id,parent_id,name,url,perms,type,icon,order_num,gmt_create,gmt_modified,is_deleted,gmt_delete,delete_userid,level FROM sys_menu WHERE id = ? 
2019-04-30 20:29:47 -==> Parameters: 13(Long)
2019-04-30 20:29:47 -<==      Total: 1
2019-04-30 20:29:47 -==>  Preparing: SELECT id,parent_id,name,url,perms,type,icon,order_num,gmt_create,gmt_modified,is_deleted,gmt_delete,delete_userid,level FROM sys_menu WHERE id = ? 
2019-04-30 20:29:47 -==> Parameters: 12(Long)
2019-04-30 20:29:47 -<==      Total: 1
2019-04-30 20:29:47 -==>  Preparing: SELECT id,parent_id,name,url,perms,type,icon,order_num,gmt_create,gmt_modified,is_deleted,gmt_delete,delete_userid,level FROM sys_menu WHERE id = ? 
2019-04-30 20:29:47 -==> Parameters: 125(Long)
2019-04-30 20:29:47 -<==      Total: 1
2019-04-30 20:29:47 -==>  Preparing: SELECT id,parent_id,name,url,perms,type,icon,order_num,gmt_create,gmt_modified,is_deleted,gmt_delete,delete_userid,level FROM sys_menu WHERE id = ? 
2019-04-30 20:29:47 -==> Parameters: 6(Long)
2019-04-30 20:29:47 -<==      Total: 1
2019-04-30 20:29:47 -==>  Preparing: SELECT id,parent_id,name,url,perms,type,icon,order_num,gmt_create,gmt_modified,is_deleted,gmt_delete,delete_userid,level FROM sys_menu WHERE id = ? 
2019-04-30 20:29:47 -==> Parameters: 3(Long)
2019-04-30 20:29:47 -<==      Total: 1
2019-04-30 20:29:47 -==>  Preparing: SELECT id,parent_id,name,url,perms,type,icon,order_num,gmt_create,gmt_modified,is_deleted,gmt_delete,delete_userid,level FROM sys_menu WHERE id = ? 
2019-04-30 20:29:47 -==> Parameters: 0(Long)
2019-04-30 20:29:47 -<==      Total: 0
2019-04-30 20:29:47 -耗时 : 368
2019-04-30 20:29:47 -返回值 : system/index
